INFO - 2022-07-19 05:59:58 --> Config Class Initialized
INFO - 2022-07-19 05:59:58 --> Hooks Class Initialized
DEBUG - 2022-07-19 05:59:58 --> UTF-8 Support Enabled
INFO - 2022-07-19 05:59:58 --> Utf8 Class Initialized
INFO - 2022-07-19 05:59:58 --> URI Class Initialized
DEBUG - 2022-07-19 05:59:58 --> No URI present. Default controller set.
INFO - 2022-07-19 05:59:58 --> Router Class Initialized
INFO - 2022-07-19 05:59:58 --> Output Class Initialized
INFO - 2022-07-19 05:59:58 --> Security Class Initialized
DEBUG - 2022-07-19 05:59:58 --> Global POST, GET and COOKIE data sanitized
INFO - 2022-07-19 05:59:58 --> Input Class Initialized
INFO - 2022-07-19 05:59:58 --> Language Class Initialized
INFO - 2022-07-19 05:59:58 --> Loader Class Initialized
INFO - 2022-07-19 05:59:58 --> Helper loaded: url_helper
INFO - 2022-07-19 05:59:58 --> Helper loaded: util_helper
INFO - 2022-07-19 05:59:58 --> Database Driver Class Initialized
DEBUG - 2022-07-19 05:59:58 --> Session: "sess_save_path" is empty; using "session.save_path" value from php.ini.
INFO - 2022-07-19 05:59:58 --> Session: Class initialized using 'files' driver.
INFO - 2022-07-19 05:59:58 --> Controller Class Initialized
INFO - 2022-07-19 05:59:58 --> Model "Pocket" initialized
INFO - 2022-07-19 05:59:58 --> Model "Office" initialized
INFO - 2022-07-19 05:59:59 --> Model "Extra" initialized
INFO - 2022-07-19 05:59:59 --> Model "Parameter" initialized
INFO - 2022-07-19 05:59:59 --> Model "Barrio" initialized
INFO - 2022-07-19 05:59:59 --> Model "DiasEntregaPedidos" initialized
INFO - 2022-07-19 05:59:59 --> File loaded: /Applications/XAMPP/xamppfiles/htdocs/ebo/application/views/index.php
INFO - 2022-07-19 05:59:59 --> Final output sent to browser
DEBUG - 2022-07-19 05:59:59 --> Total execution time: 0.0547
INFO - 2022-07-19 05:59:59 --> Config Class Initialized
INFO - 2022-07-19 05:59:59 --> Hooks Class Initialized
DEBUG - 2022-07-19 05:59:59 --> UTF-8 Support Enabled
INFO - 2022-07-19 05:59:59 --> Utf8 Class Initialized
INFO - 2022-07-19 05:59:59 --> URI Class Initialized
INFO - 2022-07-19 05:59:59 --> Router Class Initialized
INFO - 2022-07-19 05:59:59 --> Output Class Initialized
INFO - 2022-07-19 05:59:59 --> Security Class Initialized
DEBUG - 2022-07-19 05:59:59 --> Global POST, GET and COOKIE data sanitized
INFO - 2022-07-19 05:59:59 --> Input Class Initialized
INFO - 2022-07-19 05:59:59 --> Language Class Initialized
INFO - 2022-07-19 05:59:59 --> Loader Class Initialized
INFO - 2022-07-19 05:59:59 --> Helper loaded: url_helper
INFO - 2022-07-19 05:59:59 --> Helper loaded: util_helper
INFO - 2022-07-19 05:59:59 --> Database Driver Class Initialized
DEBUG - 2022-07-19 05:59:59 --> Session: "sess_save_path" is empty; using "session.save_path" value from php.ini.
INFO - 2022-07-19 05:59:59 --> Session: Class initialized using 'files' driver.
INFO - 2022-07-19 05:59:59 --> Controller Class Initialized
INFO - 2022-07-19 05:59:59 --> Model "Parameter" initialized
INFO - 2022-07-19 05:59:59 --> Final output sent to browser
DEBUG - 2022-07-19 05:59:59 --> Total execution time: 0.0136
INFO - 2022-07-19 05:59:59 --> Config Class Initialized
INFO - 2022-07-19 05:59:59 --> Hooks Class Initialized
DEBUG - 2022-07-19 05:59:59 --> UTF-8 Support Enabled
INFO - 2022-07-19 05:59:59 --> Utf8 Class Initialized
INFO - 2022-07-19 05:59:59 --> URI Class Initialized
INFO - 2022-07-19 05:59:59 --> Router Class Initialized
INFO - 2022-07-19 05:59:59 --> Output Class Initialized
INFO - 2022-07-19 05:59:59 --> Security Class Initialized
DEBUG - 2022-07-19 05:59:59 --> Global POST, GET and COOKIE data sanitized
INFO - 2022-07-19 05:59:59 --> Input Class Initialized
INFO - 2022-07-19 05:59:59 --> Language Class Initialized
INFO - 2022-07-19 05:59:59 --> Loader Class Initialized
INFO - 2022-07-19 05:59:59 --> Helper loaded: url_helper
INFO - 2022-07-19 05:59:59 --> Helper loaded: util_helper
INFO - 2022-07-19 05:59:59 --> Database Driver Class Initialized
DEBUG - 2022-07-19 05:59:59 --> Session: "sess_save_path" is empty; using "session.save_path" value from php.ini.
INFO - 2022-07-19 05:59:59 --> Session: Class initialized using 'files' driver.
INFO - 2022-07-19 05:59:59 --> Controller Class Initialized
INFO - 2022-07-19 05:59:59 --> Model "Extra" initialized
INFO - 2022-07-19 05:59:59 --> Final output sent to browser
DEBUG - 2022-07-19 05:59:59 --> Total execution time: 0.0127
INFO - 2022-07-19 05:59:59 --> Config Class Initialized
INFO - 2022-07-19 05:59:59 --> Hooks Class Initialized
DEBUG - 2022-07-19 05:59:59 --> UTF-8 Support Enabled
INFO - 2022-07-19 05:59:59 --> Utf8 Class Initialized
INFO - 2022-07-19 05:59:59 --> URI Class Initialized
INFO - 2022-07-19 05:59:59 --> Router Class Initialized
INFO - 2022-07-19 05:59:59 --> Output Class Initialized
INFO - 2022-07-19 05:59:59 --> Security Class Initialized
DEBUG - 2022-07-19 05:59:59 --> Global POST, GET and COOKIE data sanitized
INFO - 2022-07-19 05:59:59 --> Input Class Initialized
INFO - 2022-07-19 05:59:59 --> Language Class Initialized
INFO - 2022-07-19 05:59:59 --> Loader Class Initialized
INFO - 2022-07-19 05:59:59 --> Helper loaded: url_helper
INFO - 2022-07-19 05:59:59 --> Helper loaded: util_helper
INFO - 2022-07-19 05:59:59 --> Database Driver Class Initialized
DEBUG - 2022-07-19 05:59:59 --> Session: "sess_save_path" is empty; using "session.save_path" value from php.ini.
INFO - 2022-07-19 05:59:59 --> Session: Class initialized using 'files' driver.
INFO - 2022-07-19 05:59:59 --> Controller Class Initialized
INFO - 2022-07-19 05:59:59 --> Model "Parameter" initialized
INFO - 2022-07-19 05:59:59 --> Final output sent to browser
DEBUG - 2022-07-19 05:59:59 --> Total execution time: 0.0140
INFO - 2022-07-19 05:59:59 --> Config Class Initialized
INFO - 2022-07-19 05:59:59 --> Hooks Class Initialized
DEBUG - 2022-07-19 05:59:59 --> UTF-8 Support Enabled
INFO - 2022-07-19 05:59:59 --> Utf8 Class Initialized
INFO - 2022-07-19 05:59:59 --> URI Class Initialized
INFO - 2022-07-19 05:59:59 --> Router Class Initialized
INFO - 2022-07-19 05:59:59 --> Output Class Initialized
INFO - 2022-07-19 05:59:59 --> Security Class Initialized
DEBUG - 2022-07-19 05:59:59 --> Global POST, GET and COOKIE data sanitized
INFO - 2022-07-19 05:59:59 --> Input Class Initialized
INFO - 2022-07-19 05:59:59 --> Language Class Initialized
INFO - 2022-07-19 05:59:59 --> Loader Class Initialized
INFO - 2022-07-19 05:59:59 --> Helper loaded: url_helper
INFO - 2022-07-19 05:59:59 --> Helper loaded: util_helper
INFO - 2022-07-19 05:59:59 --> Database Driver Class Initialized
DEBUG - 2022-07-19 05:59:59 --> Session: "sess_save_path" is empty; using "session.save_path" value from php.ini.
INFO - 2022-07-19 05:59:59 --> Session: Class initialized using 'files' driver.
INFO - 2022-07-19 05:59:59 --> Controller Class Initialized
INFO - 2022-07-19 05:59:59 --> Model "Parameter" initialized
INFO - 2022-07-19 05:59:59 --> Final output sent to browser
DEBUG - 2022-07-19 05:59:59 --> Total execution time: 0.0126
INFO - 2022-07-19 06:00:02 --> Config Class Initialized
INFO - 2022-07-19 06:00:02 --> Hooks Class Initialized
DEBUG - 2022-07-19 06:00:02 --> UTF-8 Support Enabled
INFO - 2022-07-19 06:00:02 --> Utf8 Class Initialized
INFO - 2022-07-19 06:00:02 --> URI Class Initialized
INFO - 2022-07-19 06:00:02 --> Router Class Initialized
INFO - 2022-07-19 06:00:02 --> Output Class Initialized
INFO - 2022-07-19 06:00:02 --> Security Class Initialized
DEBUG - 2022-07-19 06:00:02 --> Global POST, GET and COOKIE data sanitized
INFO - 2022-07-19 06:00:02 --> Input Class Initialized
INFO - 2022-07-19 06:00:02 --> Language Class Initialized
INFO - 2022-07-19 06:00:02 --> Loader Class Initialized
INFO - 2022-07-19 06:00:02 --> Helper loaded: url_helper
INFO - 2022-07-19 06:00:02 --> Helper loaded: util_helper
INFO - 2022-07-19 06:00:02 --> Database Driver Class Initialized
DEBUG - 2022-07-19 06:00:02 --> Session: "sess_save_path" is empty; using "session.save_path" value from php.ini.
INFO - 2022-07-19 06:00:02 --> Session: Class initialized using 'files' driver.
INFO - 2022-07-19 06:00:02 --> Controller Class Initialized
INFO - 2022-07-19 06:00:02 --> Model "Pocket" initialized
INFO - 2022-07-19 06:00:02 --> Final output sent to browser
DEBUG - 2022-07-19 06:00:02 --> Total execution time: 0.0241
INFO - 2022-07-19 06:00:42 --> Config Class Initialized
INFO - 2022-07-19 06:00:42 --> Hooks Class Initialized
DEBUG - 2022-07-19 06:00:42 --> UTF-8 Support Enabled
INFO - 2022-07-19 06:00:42 --> Utf8 Class Initialized
INFO - 2022-07-19 06:00:42 --> URI Class Initialized
DEBUG - 2022-07-19 06:00:42 --> No URI present. Default controller set.
INFO - 2022-07-19 06:00:42 --> Router Class Initialized
INFO - 2022-07-19 06:00:42 --> Output Class Initialized
INFO - 2022-07-19 06:00:42 --> Security Class Initialized
DEBUG - 2022-07-19 06:00:42 --> Global POST, GET and COOKIE data sanitized
INFO - 2022-07-19 06:00:42 --> Input Class Initialized
INFO - 2022-07-19 06:00:42 --> Language Class Initialized
INFO - 2022-07-19 06:00:42 --> Loader Class Initialized
INFO - 2022-07-19 06:00:42 --> Helper loaded: url_helper
INFO - 2022-07-19 06:00:42 --> Helper loaded: util_helper
INFO - 2022-07-19 06:00:42 --> Database Driver Class Initialized
DEBUG - 2022-07-19 06:00:42 --> Session: "sess_save_path" is empty; using "session.save_path" value from php.ini.
INFO - 2022-07-19 06:00:42 --> Session: Class initialized using 'files' driver.
INFO - 2022-07-19 06:00:42 --> Controller Class Initialized
INFO - 2022-07-19 06:00:42 --> Model "Pocket" initialized
INFO - 2022-07-19 06:00:42 --> Model "Office" initialized
INFO - 2022-07-19 06:00:42 --> Model "Extra" initialized
INFO - 2022-07-19 06:00:42 --> Model "Parameter" initialized
INFO - 2022-07-19 06:00:42 --> Model "Barrio" initialized
INFO - 2022-07-19 06:00:42 --> Model "DiasEntregaPedidos" initialized
INFO - 2022-07-19 06:00:42 --> File loaded: /Applications/XAMPP/xamppfiles/htdocs/ebo/application/views/index.php
INFO - 2022-07-19 06:00:42 --> Final output sent to browser
DEBUG - 2022-07-19 06:00:42 --> Total execution time: 0.0406
INFO - 2022-07-19 06:00:42 --> Config Class Initialized
INFO - 2022-07-19 06:00:42 --> Hooks Class Initialized
DEBUG - 2022-07-19 06:00:42 --> UTF-8 Support Enabled
INFO - 2022-07-19 06:00:42 --> Utf8 Class Initialized
INFO - 2022-07-19 06:00:42 --> URI Class Initialized
INFO - 2022-07-19 06:00:42 --> Router Class Initialized
INFO - 2022-07-19 06:00:42 --> Output Class Initialized
INFO - 2022-07-19 06:00:42 --> Security Class Initialized
DEBUG - 2022-07-19 06:00:42 --> Global POST, GET and COOKIE data sanitized
INFO - 2022-07-19 06:00:42 --> Input Class Initialized
INFO - 2022-07-19 06:00:42 --> Language Class Initialized
INFO - 2022-07-19 06:00:42 --> Loader Class Initialized
INFO - 2022-07-19 06:00:42 --> Helper loaded: url_helper
INFO - 2022-07-19 06:00:42 --> Helper loaded: util_helper
INFO - 2022-07-19 06:00:42 --> Database Driver Class Initialized
DEBUG - 2022-07-19 06:00:42 --> Session: "sess_save_path" is empty; using "session.save_path" value from php.ini.
INFO - 2022-07-19 06:00:42 --> Session: Class initialized using 'files' driver.
INFO - 2022-07-19 06:00:42 --> Controller Class Initialized
INFO - 2022-07-19 06:00:42 --> Model "Parameter" initialized
INFO - 2022-07-19 06:00:42 --> Final output sent to browser
DEBUG - 2022-07-19 06:00:42 --> Total execution time: 0.0126
INFO - 2022-07-19 06:00:42 --> Config Class Initialized
INFO - 2022-07-19 06:00:42 --> Hooks Class Initialized
DEBUG - 2022-07-19 06:00:42 --> UTF-8 Support Enabled
INFO - 2022-07-19 06:00:42 --> Utf8 Class Initialized
INFO - 2022-07-19 06:00:42 --> URI Class Initialized
INFO - 2022-07-19 06:00:42 --> Router Class Initialized
INFO - 2022-07-19 06:00:42 --> Output Class Initialized
INFO - 2022-07-19 06:00:42 --> Security Class Initialized
DEBUG - 2022-07-19 06:00:42 --> Global POST, GET and COOKIE data sanitized
INFO - 2022-07-19 06:00:42 --> Input Class Initialized
INFO - 2022-07-19 06:00:42 --> Language Class Initialized
INFO - 2022-07-19 06:00:42 --> Loader Class Initialized
INFO - 2022-07-19 06:00:42 --> Helper loaded: url_helper
INFO - 2022-07-19 06:00:42 --> Helper loaded: util_helper
INFO - 2022-07-19 06:00:42 --> Database Driver Class Initialized
DEBUG - 2022-07-19 06:00:42 --> Session: "sess_save_path" is empty; using "session.save_path" value from php.ini.
INFO - 2022-07-19 06:00:42 --> Session: Class initialized using 'files' driver.
INFO - 2022-07-19 06:00:42 --> Controller Class Initialized
INFO - 2022-07-19 06:00:42 --> Model "Extra" initialized
INFO - 2022-07-19 06:00:42 --> Final output sent to browser
DEBUG - 2022-07-19 06:00:42 --> Total execution time: 0.0112
INFO - 2022-07-19 06:00:42 --> Config Class Initialized
INFO - 2022-07-19 06:00:42 --> Hooks Class Initialized
DEBUG - 2022-07-19 06:00:42 --> UTF-8 Support Enabled
INFO - 2022-07-19 06:00:42 --> Utf8 Class Initialized
INFO - 2022-07-19 06:00:42 --> URI Class Initialized
INFO - 2022-07-19 06:00:42 --> Router Class Initialized
INFO - 2022-07-19 06:00:42 --> Output Class Initialized
INFO - 2022-07-19 06:00:42 --> Security Class Initialized
DEBUG - 2022-07-19 06:00:42 --> Global POST, GET and COOKIE data sanitized
INFO - 2022-07-19 06:00:42 --> Input Class Initialized
INFO - 2022-07-19 06:00:42 --> Language Class Initialized
INFO - 2022-07-19 06:00:42 --> Loader Class Initialized
INFO - 2022-07-19 06:00:42 --> Helper loaded: url_helper
INFO - 2022-07-19 06:00:42 --> Helper loaded: util_helper
INFO - 2022-07-19 06:00:42 --> Database Driver Class Initialized
DEBUG - 2022-07-19 06:00:42 --> Session: "sess_save_path" is empty; using "session.save_path" value from php.ini.
INFO - 2022-07-19 06:00:42 --> Session: Class initialized using 'files' driver.
INFO - 2022-07-19 06:00:42 --> Controller Class Initialized
INFO - 2022-07-19 06:00:42 --> Model "Parameter" initialized
INFO - 2022-07-19 06:00:42 --> Final output sent to browser
DEBUG - 2022-07-19 06:00:42 --> Total execution time: 0.0111
INFO - 2022-07-19 06:00:42 --> Config Class Initialized
INFO - 2022-07-19 06:00:42 --> Hooks Class Initialized
DEBUG - 2022-07-19 06:00:42 --> UTF-8 Support Enabled
INFO - 2022-07-19 06:00:42 --> Utf8 Class Initialized
INFO - 2022-07-19 06:00:42 --> URI Class Initialized
INFO - 2022-07-19 06:00:42 --> Router Class Initialized
INFO - 2022-07-19 06:00:42 --> Output Class Initialized
INFO - 2022-07-19 06:00:42 --> Security Class Initialized
DEBUG - 2022-07-19 06:00:42 --> Global POST, GET and COOKIE data sanitized
INFO - 2022-07-19 06:00:42 --> Input Class Initialized
INFO - 2022-07-19 06:00:42 --> Language Class Initialized
INFO - 2022-07-19 06:00:42 --> Loader Class Initialized
INFO - 2022-07-19 06:00:42 --> Helper loaded: url_helper
INFO - 2022-07-19 06:00:42 --> Helper loaded: util_helper
INFO - 2022-07-19 06:00:42 --> Database Driver Class Initialized
DEBUG - 2022-07-19 06:00:42 --> Session: "sess_save_path" is empty; using "session.save_path" value from php.ini.
INFO - 2022-07-19 06:00:42 --> Session: Class initialized using 'files' driver.
INFO - 2022-07-19 06:00:42 --> Controller Class Initialized
INFO - 2022-07-19 06:00:42 --> Model "Parameter" initialized
INFO - 2022-07-19 06:00:42 --> Final output sent to browser
DEBUG - 2022-07-19 06:00:42 --> Total execution time: 0.0109
INFO - 2022-07-19 06:00:46 --> Config Class Initialized
INFO - 2022-07-19 06:00:46 --> Hooks Class Initialized
DEBUG - 2022-07-19 06:00:46 --> UTF-8 Support Enabled
INFO - 2022-07-19 06:00:46 --> Utf8 Class Initialized
INFO - 2022-07-19 06:00:46 --> URI Class Initialized
INFO - 2022-07-19 06:00:46 --> Router Class Initialized
INFO - 2022-07-19 06:00:46 --> Output Class Initialized
INFO - 2022-07-19 06:00:46 --> Security Class Initialized
DEBUG - 2022-07-19 06:00:46 --> Global POST, GET and COOKIE data sanitized
INFO - 2022-07-19 06:00:46 --> Input Class Initialized
INFO - 2022-07-19 06:00:46 --> Language Class Initialized
INFO - 2022-07-19 06:00:46 --> Loader Class Initialized
INFO - 2022-07-19 06:00:46 --> Helper loaded: url_helper
INFO - 2022-07-19 06:00:46 --> Helper loaded: util_helper
INFO - 2022-07-19 06:00:46 --> Database Driver Class Initialized
DEBUG - 2022-07-19 06:00:46 --> Session: "sess_save_path" is empty; using "session.save_path" value from php.ini.
INFO - 2022-07-19 06:00:46 --> Session: Class initialized using 'files' driver.
INFO - 2022-07-19 06:00:46 --> Controller Class Initialized
INFO - 2022-07-19 06:00:46 --> Model "Pocket" initialized
INFO - 2022-07-19 06:00:46 --> Final output sent to browser
DEBUG - 2022-07-19 06:00:46 --> Total execution time: 0.0144
INFO - 2022-07-19 06:02:45 --> Config Class Initialized
INFO - 2022-07-19 06:02:45 --> Hooks Class Initialized
DEBUG - 2022-07-19 06:02:45 --> UTF-8 Support Enabled
INFO - 2022-07-19 06:02:45 --> Utf8 Class Initialized
INFO - 2022-07-19 06:02:45 --> URI Class Initialized
DEBUG - 2022-07-19 06:02:45 --> No URI present. Default controller set.
INFO - 2022-07-19 06:02:45 --> Router Class Initialized
INFO - 2022-07-19 06:02:45 --> Output Class Initialized
INFO - 2022-07-19 06:02:45 --> Security Class Initialized
DEBUG - 2022-07-19 06:02:45 --> Global POST, GET and COOKIE data sanitized
INFO - 2022-07-19 06:02:45 --> Input Class Initialized
INFO - 2022-07-19 06:02:45 --> Language Class Initialized
INFO - 2022-07-19 06:02:45 --> Loader Class Initialized
INFO - 2022-07-19 06:02:45 --> Helper loaded: url_helper
INFO - 2022-07-19 06:02:45 --> Helper loaded: util_helper
INFO - 2022-07-19 06:02:45 --> Database Driver Class Initialized
DEBUG - 2022-07-19 06:02:45 --> Session: "sess_save_path" is empty; using "session.save_path" value from php.ini.
INFO - 2022-07-19 06:02:45 --> Session: Class initialized using 'files' driver.
INFO - 2022-07-19 06:02:45 --> Controller Class Initialized
INFO - 2022-07-19 06:02:45 --> Model "Pocket" initialized
INFO - 2022-07-19 06:02:45 --> Model "Office" initialized
INFO - 2022-07-19 06:02:45 --> Model "Extra" initialized
INFO - 2022-07-19 06:02:45 --> Model "Parameter" initialized
INFO - 2022-07-19 06:02:45 --> Model "Barrio" initialized
INFO - 2022-07-19 06:02:45 --> Model "DiasEntregaPedidos" initialized
INFO - 2022-07-19 06:02:45 --> File loaded: /Applications/XAMPP/xamppfiles/htdocs/ebo/application/views/index.php
INFO - 2022-07-19 06:02:45 --> Final output sent to browser
DEBUG - 2022-07-19 06:02:45 --> Total execution time: 0.0394
INFO - 2022-07-19 06:02:46 --> Config Class Initialized
INFO - 2022-07-19 06:02:46 --> Hooks Class Initialized
DEBUG - 2022-07-19 06:02:46 --> UTF-8 Support Enabled
INFO - 2022-07-19 06:02:46 --> Utf8 Class Initialized
INFO - 2022-07-19 06:02:46 --> URI Class Initialized
INFO - 2022-07-19 06:02:46 --> Router Class Initialized
INFO - 2022-07-19 06:02:46 --> Output Class Initialized
INFO - 2022-07-19 06:02:46 --> Security Class Initialized
DEBUG - 2022-07-19 06:02:46 --> Global POST, GET and COOKIE data sanitized
INFO - 2022-07-19 06:02:46 --> Input Class Initialized
INFO - 2022-07-19 06:02:46 --> Language Class Initialized
INFO - 2022-07-19 06:02:46 --> Loader Class Initialized
INFO - 2022-07-19 06:02:46 --> Helper loaded: url_helper
INFO - 2022-07-19 06:02:46 --> Helper loaded: util_helper
INFO - 2022-07-19 06:02:46 --> Database Driver Class Initialized
DEBUG - 2022-07-19 06:02:46 --> Session: "sess_save_path" is empty; using "session.save_path" value from php.ini.
INFO - 2022-07-19 06:02:46 --> Session: Class initialized using 'files' driver.
INFO - 2022-07-19 06:02:46 --> Controller Class Initialized
INFO - 2022-07-19 06:02:46 --> Model "Parameter" initialized
INFO - 2022-07-19 06:02:46 --> Final output sent to browser
DEBUG - 2022-07-19 06:02:46 --> Total execution time: 0.0189
INFO - 2022-07-19 06:02:46 --> Config Class Initialized
INFO - 2022-07-19 06:02:46 --> Hooks Class Initialized
DEBUG - 2022-07-19 06:02:46 --> UTF-8 Support Enabled
INFO - 2022-07-19 06:02:46 --> Utf8 Class Initialized
INFO - 2022-07-19 06:02:46 --> URI Class Initialized
INFO - 2022-07-19 06:02:46 --> Router Class Initialized
INFO - 2022-07-19 06:02:46 --> Output Class Initialized
INFO - 2022-07-19 06:02:46 --> Security Class Initialized
DEBUG - 2022-07-19 06:02:46 --> Global POST, GET and COOKIE data sanitized
INFO - 2022-07-19 06:02:46 --> Input Class Initialized
INFO - 2022-07-19 06:02:46 --> Language Class Initialized
INFO - 2022-07-19 06:02:46 --> Loader Class Initialized
INFO - 2022-07-19 06:02:46 --> Helper loaded: url_helper
INFO - 2022-07-19 06:02:46 --> Helper loaded: util_helper
INFO - 2022-07-19 06:02:46 --> Database Driver Class Initialized
DEBUG - 2022-07-19 06:02:46 --> Session: "sess_save_path" is empty; using "session.save_path" value from php.ini.
INFO - 2022-07-19 06:02:46 --> Session: Class initialized using 'files' driver.
INFO - 2022-07-19 06:02:46 --> Controller Class Initialized
INFO - 2022-07-19 06:02:46 --> Model "Extra" initialized
INFO - 2022-07-19 06:02:46 --> Final output sent to browser
DEBUG - 2022-07-19 06:02:46 --> Total execution time: 0.0200
INFO - 2022-07-19 06:02:46 --> Config Class Initialized
INFO - 2022-07-19 06:02:46 --> Hooks Class Initialized
DEBUG - 2022-07-19 06:02:46 --> UTF-8 Support Enabled
INFO - 2022-07-19 06:02:46 --> Utf8 Class Initialized
INFO - 2022-07-19 06:02:46 --> URI Class Initialized
INFO - 2022-07-19 06:02:46 --> Router Class Initialized
INFO - 2022-07-19 06:02:46 --> Output Class Initialized
INFO - 2022-07-19 06:02:46 --> Security Class Initialized
DEBUG - 2022-07-19 06:02:46 --> Global POST, GET and COOKIE data sanitized
INFO - 2022-07-19 06:02:46 --> Input Class Initialized
INFO - 2022-07-19 06:02:46 --> Language Class Initialized
INFO - 2022-07-19 06:02:46 --> Loader Class Initialized
INFO - 2022-07-19 06:02:46 --> Helper loaded: url_helper
INFO - 2022-07-19 06:02:46 --> Helper loaded: util_helper
INFO - 2022-07-19 06:02:46 --> Database Driver Class Initialized
DEBUG - 2022-07-19 06:02:46 --> Session: "sess_save_path" is empty; using "session.save_path" value from php.ini.
INFO - 2022-07-19 06:02:46 --> Session: Class initialized using 'files' driver.
INFO - 2022-07-19 06:02:46 --> Controller Class Initialized
INFO - 2022-07-19 06:02:46 --> Model "Parameter" initialized
INFO - 2022-07-19 06:02:46 --> Final output sent to browser
DEBUG - 2022-07-19 06:02:46 --> Total execution time: 0.0149
INFO - 2022-07-19 06:02:46 --> Config Class Initialized
INFO - 2022-07-19 06:02:46 --> Hooks Class Initialized
DEBUG - 2022-07-19 06:02:46 --> UTF-8 Support Enabled
INFO - 2022-07-19 06:02:46 --> Utf8 Class Initialized
INFO - 2022-07-19 06:02:46 --> URI Class Initialized
INFO - 2022-07-19 06:02:46 --> Router Class Initialized
INFO - 2022-07-19 06:02:46 --> Output Class Initialized
INFO - 2022-07-19 06:02:46 --> Security Class Initialized
DEBUG - 2022-07-19 06:02:46 --> Global POST, GET and COOKIE data sanitized
INFO - 2022-07-19 06:02:46 --> Input Class Initialized
INFO - 2022-07-19 06:02:46 --> Language Class Initialized
INFO - 2022-07-19 06:02:46 --> Loader Class Initialized
INFO - 2022-07-19 06:02:46 --> Helper loaded: url_helper
INFO - 2022-07-19 06:02:46 --> Helper loaded: util_helper
INFO - 2022-07-19 06:02:46 --> Database Driver Class Initialized
DEBUG - 2022-07-19 06:02:46 --> Session: "sess_save_path" is empty; using "session.save_path" value from php.ini.
INFO - 2022-07-19 06:02:46 --> Session: Class initialized using 'files' driver.
INFO - 2022-07-19 06:02:46 --> Controller Class Initialized
INFO - 2022-07-19 06:02:46 --> Model "Parameter" initialized
INFO - 2022-07-19 06:02:46 --> Final output sent to browser
DEBUG - 2022-07-19 06:02:46 --> Total execution time: 0.0147
INFO - 2022-07-19 06:02:48 --> Config Class Initialized
INFO - 2022-07-19 06:02:48 --> Hooks Class Initialized
DEBUG - 2022-07-19 06:02:48 --> UTF-8 Support Enabled
INFO - 2022-07-19 06:02:48 --> Utf8 Class Initialized
INFO - 2022-07-19 06:02:48 --> URI Class Initialized
INFO - 2022-07-19 06:02:48 --> Router Class Initialized
INFO - 2022-07-19 06:02:48 --> Output Class Initialized
INFO - 2022-07-19 06:02:48 --> Security Class Initialized
DEBUG - 2022-07-19 06:02:48 --> Global POST, GET and COOKIE data sanitized
INFO - 2022-07-19 06:02:48 --> Input Class Initialized
INFO - 2022-07-19 06:02:48 --> Language Class Initialized
INFO - 2022-07-19 06:02:48 --> Loader Class Initialized
INFO - 2022-07-19 06:02:48 --> Helper loaded: url_helper
INFO - 2022-07-19 06:02:48 --> Helper loaded: util_helper
INFO - 2022-07-19 06:02:48 --> Database Driver Class Initialized
DEBUG - 2022-07-19 06:02:48 --> Session: "sess_save_path" is empty; using "session.save_path" value from php.ini.
INFO - 2022-07-19 06:02:48 --> Session: Class initialized using 'files' driver.
INFO - 2022-07-19 06:02:48 --> Controller Class Initialized
INFO - 2022-07-19 06:02:48 --> Model "Pocket" initialized
INFO - 2022-07-19 06:02:48 --> Final output sent to browser
DEBUG - 2022-07-19 06:02:48 --> Total execution time: 0.0159
INFO - 2022-07-19 06:03:42 --> Config Class Initialized
INFO - 2022-07-19 06:03:42 --> Hooks Class Initialized
DEBUG - 2022-07-19 06:03:42 --> UTF-8 Support Enabled
INFO - 2022-07-19 06:03:42 --> Utf8 Class Initialized
INFO - 2022-07-19 06:03:42 --> URI Class Initialized
DEBUG - 2022-07-19 06:03:42 --> No URI present. Default controller set.
INFO - 2022-07-19 06:03:42 --> Router Class Initialized
INFO - 2022-07-19 06:03:42 --> Output Class Initialized
INFO - 2022-07-19 06:03:42 --> Security Class Initialized
DEBUG - 2022-07-19 06:03:42 --> Global POST, GET and COOKIE data sanitized
INFO - 2022-07-19 06:03:42 --> Input Class Initialized
INFO - 2022-07-19 06:03:42 --> Language Class Initialized
INFO - 2022-07-19 06:03:42 --> Loader Class Initialized
INFO - 2022-07-19 06:03:42 --> Helper loaded: url_helper
INFO - 2022-07-19 06:03:42 --> Helper loaded: util_helper
INFO - 2022-07-19 06:03:42 --> Database Driver Class Initialized
DEBUG - 2022-07-19 06:03:42 --> Session: "sess_save_path" is empty; using "session.save_path" value from php.ini.
INFO - 2022-07-19 06:03:42 --> Session: Class initialized using 'files' driver.
INFO - 2022-07-19 06:03:42 --> Controller Class Initialized
INFO - 2022-07-19 06:03:42 --> Model "Pocket" initialized
INFO - 2022-07-19 06:03:42 --> Model "Office" initialized
INFO - 2022-07-19 06:03:42 --> Model "Extra" initialized
INFO - 2022-07-19 06:03:42 --> Model "Parameter" initialized
INFO - 2022-07-19 06:03:42 --> Model "Barrio" initialized
INFO - 2022-07-19 06:03:42 --> Model "DiasEntregaPedidos" initialized
INFO - 2022-07-19 06:03:42 --> File loaded: /Applications/XAMPP/xamppfiles/htdocs/ebo/application/views/index.php
INFO - 2022-07-19 06:03:42 --> Final output sent to browser
DEBUG - 2022-07-19 06:03:42 --> Total execution time: 0.0442
INFO - 2022-07-19 06:03:43 --> Config Class Initialized
INFO - 2022-07-19 06:03:43 --> Hooks Class Initialized
DEBUG - 2022-07-19 06:03:43 --> UTF-8 Support Enabled
INFO - 2022-07-19 06:03:43 --> Utf8 Class Initialized
INFO - 2022-07-19 06:03:43 --> URI Class Initialized
INFO - 2022-07-19 06:03:43 --> Router Class Initialized
INFO - 2022-07-19 06:03:43 --> Output Class Initialized
INFO - 2022-07-19 06:03:43 --> Security Class Initialized
DEBUG - 2022-07-19 06:03:43 --> Global POST, GET and COOKIE data sanitized
INFO - 2022-07-19 06:03:43 --> Input Class Initialized
INFO - 2022-07-19 06:03:43 --> Language Class Initialized
INFO - 2022-07-19 06:03:43 --> Loader Class Initialized
INFO - 2022-07-19 06:03:43 --> Helper loaded: url_helper
INFO - 2022-07-19 06:03:43 --> Helper loaded: util_helper
INFO - 2022-07-19 06:03:43 --> Database Driver Class Initialized
DEBUG - 2022-07-19 06:03:43 --> Session: "sess_save_path" is empty; using "session.save_path" value from php.ini.
INFO - 2022-07-19 06:03:43 --> Session: Class initialized using 'files' driver.
INFO - 2022-07-19 06:03:43 --> Controller Class Initialized
INFO - 2022-07-19 06:03:43 --> Model "Parameter" initialized
INFO - 2022-07-19 06:03:43 --> Final output sent to browser
DEBUG - 2022-07-19 06:03:43 --> Total execution time: 0.0123
INFO - 2022-07-19 06:03:43 --> Config Class Initialized
INFO - 2022-07-19 06:03:43 --> Hooks Class Initialized
DEBUG - 2022-07-19 06:03:43 --> UTF-8 Support Enabled
INFO - 2022-07-19 06:03:43 --> Utf8 Class Initialized
INFO - 2022-07-19 06:03:43 --> URI Class Initialized
INFO - 2022-07-19 06:03:43 --> Router Class Initialized
INFO - 2022-07-19 06:03:43 --> Output Class Initialized
INFO - 2022-07-19 06:03:43 --> Security Class Initialized
DEBUG - 2022-07-19 06:03:43 --> Global POST, GET and COOKIE data sanitized
INFO - 2022-07-19 06:03:43 --> Input Class Initialized
INFO - 2022-07-19 06:03:43 --> Language Class Initialized
INFO - 2022-07-19 06:03:43 --> Loader Class Initialized
INFO - 2022-07-19 06:03:43 --> Helper loaded: url_helper
INFO - 2022-07-19 06:03:43 --> Helper loaded: util_helper
INFO - 2022-07-19 06:03:43 --> Database Driver Class Initialized
DEBUG - 2022-07-19 06:03:43 --> Session: "sess_save_path" is empty; using "session.save_path" value from php.ini.
INFO - 2022-07-19 06:03:43 --> Session: Class initialized using 'files' driver.
INFO - 2022-07-19 06:03:43 --> Controller Class Initialized
INFO - 2022-07-19 06:03:43 --> Model "Extra" initialized
INFO - 2022-07-19 06:03:43 --> Final output sent to browser
DEBUG - 2022-07-19 06:03:43 --> Total execution time: 0.0104
INFO - 2022-07-19 06:03:43 --> Config Class Initialized
INFO - 2022-07-19 06:03:43 --> Hooks Class Initialized
DEBUG - 2022-07-19 06:03:43 --> UTF-8 Support Enabled
INFO - 2022-07-19 06:03:43 --> Utf8 Class Initialized
INFO - 2022-07-19 06:03:43 --> URI Class Initialized
INFO - 2022-07-19 06:03:43 --> Router Class Initialized
INFO - 2022-07-19 06:03:43 --> Output Class Initialized
INFO - 2022-07-19 06:03:43 --> Security Class Initialized
DEBUG - 2022-07-19 06:03:43 --> Global POST, GET and COOKIE data sanitized
INFO - 2022-07-19 06:03:43 --> Input Class Initialized
INFO - 2022-07-19 06:03:43 --> Language Class Initialized
INFO - 2022-07-19 06:03:43 --> Loader Class Initialized
INFO - 2022-07-19 06:03:43 --> Helper loaded: url_helper
INFO - 2022-07-19 06:03:43 --> Helper loaded: util_helper
INFO - 2022-07-19 06:03:43 --> Database Driver Class Initialized
DEBUG - 2022-07-19 06:03:43 --> Session: "sess_save_path" is empty; using "session.save_path" value from php.ini.
INFO - 2022-07-19 06:03:43 --> Session: Class initialized using 'files' driver.
INFO - 2022-07-19 06:03:43 --> Controller Class Initialized
INFO - 2022-07-19 06:03:43 --> Model "Parameter" initialized
INFO - 2022-07-19 06:03:43 --> Final output sent to browser
DEBUG - 2022-07-19 06:03:43 --> Total execution time: 0.0100
INFO - 2022-07-19 06:03:43 --> Config Class Initialized
INFO - 2022-07-19 06:03:43 --> Hooks Class Initialized
DEBUG - 2022-07-19 06:03:43 --> UTF-8 Support Enabled
INFO - 2022-07-19 06:03:43 --> Utf8 Class Initialized
INFO - 2022-07-19 06:03:43 --> URI Class Initialized
INFO - 2022-07-19 06:03:43 --> Router Class Initialized
INFO - 2022-07-19 06:03:43 --> Output Class Initialized
INFO - 2022-07-19 06:03:43 --> Security Class Initialized
DEBUG - 2022-07-19 06:03:43 --> Global POST, GET and COOKIE data sanitized
INFO - 2022-07-19 06:03:43 --> Input Class Initialized
INFO - 2022-07-19 06:03:43 --> Language Class Initialized
INFO - 2022-07-19 06:03:43 --> Loader Class Initialized
INFO - 2022-07-19 06:03:43 --> Helper loaded: url_helper
INFO - 2022-07-19 06:03:43 --> Helper loaded: util_helper
INFO - 2022-07-19 06:03:43 --> Database Driver Class Initialized
DEBUG - 2022-07-19 06:03:43 --> Session: "sess_save_path" is empty; using "session.save_path" value from php.ini.
INFO - 2022-07-19 06:03:43 --> Session: Class initialized using 'files' driver.
INFO - 2022-07-19 06:03:43 --> Controller Class Initialized
INFO - 2022-07-19 06:03:43 --> Model "Parameter" initialized
INFO - 2022-07-19 06:03:43 --> Final output sent to browser
DEBUG - 2022-07-19 06:03:43 --> Total execution time: 0.0103
INFO - 2022-07-19 06:03:46 --> Config Class Initialized
INFO - 2022-07-19 06:03:46 --> Hooks Class Initialized
DEBUG - 2022-07-19 06:03:46 --> UTF-8 Support Enabled
INFO - 2022-07-19 06:03:46 --> Utf8 Class Initialized
INFO - 2022-07-19 06:03:46 --> URI Class Initialized
INFO - 2022-07-19 06:03:46 --> Router Class Initialized
INFO - 2022-07-19 06:03:46 --> Output Class Initialized
INFO - 2022-07-19 06:03:46 --> Security Class Initialized
DEBUG - 2022-07-19 06:03:46 --> Global POST, GET and COOKIE data sanitized
INFO - 2022-07-19 06:03:46 --> Input Class Initialized
INFO - 2022-07-19 06:03:46 --> Language Class Initialized
INFO - 2022-07-19 06:03:46 --> Loader Class Initialized
INFO - 2022-07-19 06:03:46 --> Helper loaded: url_helper
INFO - 2022-07-19 06:03:46 --> Helper loaded: util_helper
INFO - 2022-07-19 06:03:46 --> Database Driver Class Initialized
DEBUG - 2022-07-19 06:03:46 --> Session: "sess_save_path" is empty; using "session.save_path" value from php.ini.
INFO - 2022-07-19 06:03:46 --> Session: Class initialized using 'files' driver.
INFO - 2022-07-19 06:03:46 --> Controller Class Initialized
INFO - 2022-07-19 06:03:46 --> Model "Pocket" initialized
INFO - 2022-07-19 06:03:46 --> Final output sent to browser
DEBUG - 2022-07-19 06:03:46 --> Total execution time: 0.0130
