INFO - 2022-03-01 14:39:53 --> Config Class Initialized
INFO - 2022-03-01 14:39:53 --> Hooks Class Initialized
DEBUG - 2022-03-01 14:39:53 --> UTF-8 Support Enabled
INFO - 2022-03-01 14:39:53 --> Utf8 Class Initialized
INFO - 2022-03-01 14:39:53 --> URI Class Initialized
DEBUG - 2022-03-01 14:39:53 --> No URI present. Default controller set.
INFO - 2022-03-01 14:39:53 --> Router Class Initialized
INFO - 2022-03-01 14:39:53 --> Output Class Initialized
INFO - 2022-03-01 14:39:53 --> Security Class Initialized
DEBUG - 2022-03-01 14:39:53 --> Global POST, GET and COOKIE data sanitized
INFO - 2022-03-01 14:39:53 --> Input Class Initialized
INFO - 2022-03-01 14:39:53 --> Language Class Initialized
INFO - 2022-03-01 14:39:53 --> Loader Class Initialized
INFO - 2022-03-01 14:39:53 --> Helper loaded: url_helper
INFO - 2022-03-01 14:39:53 --> Helper loaded: util_helper
INFO - 2022-03-01 14:39:53 --> Database Driver Class Initialized
DEBUG - 2022-03-01 14:39:53 --> Session: "sess_save_path" is empty; using "session.save_path" value from php.ini.
INFO - 2022-03-01 14:39:53 --> Session: Class initialized using 'files' driver.
INFO - 2022-03-01 14:39:53 --> Controller Class Initialized
INFO - 2022-03-01 14:39:53 --> Model "Pocket" initialized
INFO - 2022-03-01 14:39:53 --> Model "Office" initialized
INFO - 2022-03-01 14:39:53 --> Model "Extra" initialized
INFO - 2022-03-01 14:39:53 --> Model "Parameter" initialized
INFO - 2022-03-01 14:39:53 --> Model "Barrio" initialized
INFO - 2022-03-01 14:39:53 --> Model "DiasEntregaPedidos" initialized
INFO - 2022-03-01 14:39:53 --> File loaded: /Applications/XAMPP/xamppfiles/htdocs/ebo/application/views/index.php
INFO - 2022-03-01 14:39:53 --> Final output sent to browser
DEBUG - 2022-03-01 14:39:53 --> Total execution time: 0.0779
INFO - 2022-03-01 14:39:54 --> Config Class Initialized
INFO - 2022-03-01 14:39:54 --> Hooks Class Initialized
DEBUG - 2022-03-01 14:39:54 --> UTF-8 Support Enabled
INFO - 2022-03-01 14:39:54 --> Utf8 Class Initialized
INFO - 2022-03-01 14:39:54 --> URI Class Initialized
INFO - 2022-03-01 14:39:54 --> Router Class Initialized
INFO - 2022-03-01 14:39:54 --> Output Class Initialized
INFO - 2022-03-01 14:39:54 --> Security Class Initialized
DEBUG - 2022-03-01 14:39:54 --> Global POST, GET and COOKIE data sanitized
INFO - 2022-03-01 14:39:54 --> Input Class Initialized
INFO - 2022-03-01 14:39:54 --> Language Class Initialized
INFO - 2022-03-01 14:39:54 --> Loader Class Initialized
INFO - 2022-03-01 14:39:54 --> Helper loaded: url_helper
INFO - 2022-03-01 14:39:54 --> Helper loaded: util_helper
INFO - 2022-03-01 14:39:54 --> Database Driver Class Initialized
DEBUG - 2022-03-01 14:39:54 --> Session: "sess_save_path" is empty; using "session.save_path" value from php.ini.
INFO - 2022-03-01 14:39:54 --> Session: Class initialized using 'files' driver.
INFO - 2022-03-01 14:39:54 --> Controller Class Initialized
INFO - 2022-03-01 14:39:54 --> Model "Parameter" initialized
INFO - 2022-03-01 14:39:54 --> Final output sent to browser
DEBUG - 2022-03-01 14:39:54 --> Total execution time: 0.0245
INFO - 2022-03-01 14:39:54 --> Config Class Initialized
INFO - 2022-03-01 14:39:54 --> Hooks Class Initialized
DEBUG - 2022-03-01 14:39:54 --> UTF-8 Support Enabled
INFO - 2022-03-01 14:39:54 --> Utf8 Class Initialized
INFO - 2022-03-01 14:39:54 --> URI Class Initialized
INFO - 2022-03-01 14:39:54 --> Router Class Initialized
INFO - 2022-03-01 14:39:54 --> Output Class Initialized
INFO - 2022-03-01 14:39:54 --> Security Class Initialized
DEBUG - 2022-03-01 14:39:54 --> Global POST, GET and COOKIE data sanitized
INFO - 2022-03-01 14:39:54 --> Input Class Initialized
INFO - 2022-03-01 14:39:54 --> Language Class Initialized
INFO - 2022-03-01 14:39:54 --> Loader Class Initialized
INFO - 2022-03-01 14:39:54 --> Helper loaded: url_helper
INFO - 2022-03-01 14:39:54 --> Helper loaded: util_helper
INFO - 2022-03-01 14:39:54 --> Database Driver Class Initialized
DEBUG - 2022-03-01 14:39:54 --> Session: "sess_save_path" is empty; using "session.save_path" value from php.ini.
INFO - 2022-03-01 14:39:54 --> Session: Class initialized using 'files' driver.
INFO - 2022-03-01 14:39:54 --> Controller Class Initialized
INFO - 2022-03-01 14:39:54 --> Model "Extra" initialized
INFO - 2022-03-01 14:39:54 --> Final output sent to browser
DEBUG - 2022-03-01 14:39:54 --> Total execution time: 0.0129
INFO - 2022-03-01 14:39:54 --> Config Class Initialized
INFO - 2022-03-01 14:39:54 --> Hooks Class Initialized
DEBUG - 2022-03-01 14:39:54 --> UTF-8 Support Enabled
INFO - 2022-03-01 14:39:54 --> Utf8 Class Initialized
INFO - 2022-03-01 14:39:54 --> URI Class Initialized
INFO - 2022-03-01 14:39:54 --> Router Class Initialized
INFO - 2022-03-01 14:39:54 --> Output Class Initialized
INFO - 2022-03-01 14:39:54 --> Security Class Initialized
DEBUG - 2022-03-01 14:39:54 --> Global POST, GET and COOKIE data sanitized
INFO - 2022-03-01 14:39:54 --> Input Class Initialized
INFO - 2022-03-01 14:39:54 --> Language Class Initialized
INFO - 2022-03-01 14:39:54 --> Loader Class Initialized
INFO - 2022-03-01 14:39:54 --> Helper loaded: url_helper
INFO - 2022-03-01 14:39:54 --> Helper loaded: util_helper
INFO - 2022-03-01 14:39:54 --> Database Driver Class Initialized
DEBUG - 2022-03-01 14:39:54 --> Session: "sess_save_path" is empty; using "session.save_path" value from php.ini.
INFO - 2022-03-01 14:39:54 --> Session: Class initialized using 'files' driver.
INFO - 2022-03-01 14:39:54 --> Controller Class Initialized
INFO - 2022-03-01 14:39:54 --> Model "Parameter" initialized
INFO - 2022-03-01 14:39:54 --> Final output sent to browser
DEBUG - 2022-03-01 14:39:54 --> Total execution time: 0.0134
INFO - 2022-03-01 14:39:54 --> Config Class Initialized
INFO - 2022-03-01 14:39:54 --> Hooks Class Initialized
DEBUG - 2022-03-01 14:39:54 --> UTF-8 Support Enabled
INFO - 2022-03-01 14:39:54 --> Utf8 Class Initialized
INFO - 2022-03-01 14:39:54 --> URI Class Initialized
INFO - 2022-03-01 14:39:54 --> Router Class Initialized
INFO - 2022-03-01 14:39:54 --> Output Class Initialized
INFO - 2022-03-01 14:39:54 --> Security Class Initialized
DEBUG - 2022-03-01 14:39:54 --> Global POST, GET and COOKIE data sanitized
INFO - 2022-03-01 14:39:54 --> Input Class Initialized
INFO - 2022-03-01 14:39:54 --> Language Class Initialized
INFO - 2022-03-01 14:39:54 --> Loader Class Initialized
INFO - 2022-03-01 14:39:54 --> Helper loaded: url_helper
INFO - 2022-03-01 14:39:54 --> Helper loaded: util_helper
INFO - 2022-03-01 14:39:54 --> Database Driver Class Initialized
DEBUG - 2022-03-01 14:39:54 --> Session: "sess_save_path" is empty; using "session.save_path" value from php.ini.
INFO - 2022-03-01 14:39:54 --> Session: Class initialized using 'files' driver.
INFO - 2022-03-01 14:39:54 --> Controller Class Initialized
INFO - 2022-03-01 14:39:54 --> Model "Parameter" initialized
INFO - 2022-03-01 14:39:54 --> Final output sent to browser
DEBUG - 2022-03-01 14:39:54 --> Total execution time: 0.0101
INFO - 2022-03-01 14:39:59 --> Config Class Initialized
INFO - 2022-03-01 14:39:59 --> Hooks Class Initialized
DEBUG - 2022-03-01 14:39:59 --> UTF-8 Support Enabled
INFO - 2022-03-01 14:39:59 --> Utf8 Class Initialized
INFO - 2022-03-01 14:39:59 --> URI Class Initialized
INFO - 2022-03-01 14:39:59 --> Router Class Initialized
INFO - 2022-03-01 14:39:59 --> Output Class Initialized
INFO - 2022-03-01 14:39:59 --> Security Class Initialized
DEBUG - 2022-03-01 14:39:59 --> Global POST, GET and COOKIE data sanitized
INFO - 2022-03-01 14:39:59 --> Input Class Initialized
INFO - 2022-03-01 14:39:59 --> Language Class Initialized
INFO - 2022-03-01 14:39:59 --> Loader Class Initialized
INFO - 2022-03-01 14:39:59 --> Helper loaded: url_helper
INFO - 2022-03-01 14:39:59 --> Helper loaded: util_helper
INFO - 2022-03-01 14:39:59 --> Database Driver Class Initialized
DEBUG - 2022-03-01 14:39:59 --> Session: "sess_save_path" is empty; using "session.save_path" value from php.ini.
INFO - 2022-03-01 14:39:59 --> Session: Class initialized using 'files' driver.
INFO - 2022-03-01 14:39:59 --> Controller Class Initialized
INFO - 2022-03-01 14:39:59 --> Model "Pocket" initialized
INFO - 2022-03-01 14:39:59 --> Final output sent to browser
DEBUG - 2022-03-01 14:39:59 --> Total execution time: 0.0247
INFO - 2022-03-01 14:40:01 --> Config Class Initialized
INFO - 2022-03-01 14:40:01 --> Hooks Class Initialized
DEBUG - 2022-03-01 14:40:01 --> UTF-8 Support Enabled
INFO - 2022-03-01 14:40:01 --> Utf8 Class Initialized
INFO - 2022-03-01 14:40:01 --> URI Class Initialized
INFO - 2022-03-01 14:40:01 --> Router Class Initialized
INFO - 2022-03-01 14:40:01 --> Output Class Initialized
INFO - 2022-03-01 14:40:01 --> Security Class Initialized
DEBUG - 2022-03-01 14:40:01 --> Global POST, GET and COOKIE data sanitized
INFO - 2022-03-01 14:40:01 --> Input Class Initialized
INFO - 2022-03-01 14:40:01 --> Language Class Initialized
INFO - 2022-03-01 14:40:01 --> Loader Class Initialized
INFO - 2022-03-01 14:40:01 --> Helper loaded: url_helper
INFO - 2022-03-01 14:40:01 --> Helper loaded: util_helper
INFO - 2022-03-01 14:40:01 --> Database Driver Class Initialized
DEBUG - 2022-03-01 14:40:01 --> Session: "sess_save_path" is empty; using "session.save_path" value from php.ini.
INFO - 2022-03-01 14:40:01 --> Session: Class initialized using 'files' driver.
INFO - 2022-03-01 14:40:01 --> Controller Class Initialized
INFO - 2022-03-01 14:40:01 --> Model "Office" initialized
INFO - 2022-03-01 14:40:01 --> Final output sent to browser
DEBUG - 2022-03-01 14:40:01 --> Total execution time: 0.0644
INFO - 2022-03-01 14:40:01 --> Config Class Initialized
INFO - 2022-03-01 14:40:01 --> Hooks Class Initialized
DEBUG - 2022-03-01 14:40:01 --> UTF-8 Support Enabled
INFO - 2022-03-01 14:40:01 --> Utf8 Class Initialized
INFO - 2022-03-01 14:40:01 --> URI Class Initialized
INFO - 2022-03-01 14:40:01 --> Router Class Initialized
INFO - 2022-03-01 14:40:01 --> Output Class Initialized
INFO - 2022-03-01 14:40:01 --> Security Class Initialized
DEBUG - 2022-03-01 14:40:01 --> Global POST, GET and COOKIE data sanitized
INFO - 2022-03-01 14:40:01 --> Input Class Initialized
INFO - 2022-03-01 14:40:01 --> Language Class Initialized
INFO - 2022-03-01 14:40:01 --> Loader Class Initialized
INFO - 2022-03-01 14:40:01 --> Helper loaded: url_helper
INFO - 2022-03-01 14:40:01 --> Helper loaded: util_helper
INFO - 2022-03-01 14:40:01 --> Database Driver Class Initialized
DEBUG - 2022-03-01 14:40:01 --> Session: "sess_save_path" is empty; using "session.save_path" value from php.ini.
INFO - 2022-03-01 14:40:01 --> Session: Class initialized using 'files' driver.
INFO - 2022-03-01 14:40:01 --> Controller Class Initialized
INFO - 2022-03-01 14:40:01 --> Model "Pocket" initialized
INFO - 2022-03-01 14:40:01 --> Final output sent to browser
DEBUG - 2022-03-01 14:40:01 --> Total execution time: 0.0238
INFO - 2022-03-01 14:40:01 --> Config Class Initialized
INFO - 2022-03-01 14:40:01 --> Hooks Class Initialized
DEBUG - 2022-03-01 14:40:01 --> UTF-8 Support Enabled
INFO - 2022-03-01 14:40:01 --> Utf8 Class Initialized
INFO - 2022-03-01 14:40:01 --> URI Class Initialized
INFO - 2022-03-01 14:40:01 --> Router Class Initialized
INFO - 2022-03-01 14:40:01 --> Output Class Initialized
INFO - 2022-03-01 14:40:01 --> Security Class Initialized
DEBUG - 2022-03-01 14:40:01 --> Global POST, GET and COOKIE data sanitized
INFO - 2022-03-01 14:40:01 --> Input Class Initialized
INFO - 2022-03-01 14:40:01 --> Language Class Initialized
INFO - 2022-03-01 14:40:01 --> Loader Class Initialized
INFO - 2022-03-01 14:40:01 --> Helper loaded: url_helper
INFO - 2022-03-01 14:40:01 --> Helper loaded: util_helper
INFO - 2022-03-01 14:40:01 --> Database Driver Class Initialized
DEBUG - 2022-03-01 14:40:01 --> Session: "sess_save_path" is empty; using "session.save_path" value from php.ini.
INFO - 2022-03-01 14:40:01 --> Session: Class initialized using 'files' driver.
INFO - 2022-03-01 14:40:01 --> Controller Class Initialized
INFO - 2022-03-01 14:40:01 --> Model "Parameter" initialized
INFO - 2022-03-01 14:40:01 --> Final output sent to browser
DEBUG - 2022-03-01 14:40:01 --> Total execution time: 0.0192
INFO - 2022-03-01 14:40:07 --> Config Class Initialized
INFO - 2022-03-01 14:40:07 --> Hooks Class Initialized
DEBUG - 2022-03-01 14:40:07 --> UTF-8 Support Enabled
INFO - 2022-03-01 14:40:07 --> Utf8 Class Initialized
INFO - 2022-03-01 14:40:07 --> URI Class Initialized
INFO - 2022-03-01 14:40:07 --> Router Class Initialized
INFO - 2022-03-01 14:40:07 --> Output Class Initialized
INFO - 2022-03-01 14:40:07 --> Security Class Initialized
DEBUG - 2022-03-01 14:40:07 --> Global POST, GET and COOKIE data sanitized
INFO - 2022-03-01 14:40:07 --> Input Class Initialized
INFO - 2022-03-01 14:40:07 --> Language Class Initialized
INFO - 2022-03-01 14:40:07 --> Loader Class Initialized
INFO - 2022-03-01 14:40:07 --> Helper loaded: url_helper
INFO - 2022-03-01 14:40:07 --> Helper loaded: util_helper
INFO - 2022-03-01 14:40:07 --> Database Driver Class Initialized
DEBUG - 2022-03-01 14:40:07 --> Session: "sess_save_path" is empty; using "session.save_path" value from php.ini.
INFO - 2022-03-01 14:40:07 --> Session: Class initialized using 'files' driver.
INFO - 2022-03-01 14:40:07 --> Controller Class Initialized
INFO - 2022-03-01 14:40:07 --> Model "Parameter" initialized
INFO - 2022-03-01 14:40:07 --> Final output sent to browser
DEBUG - 2022-03-01 14:40:07 --> Total execution time: 0.0248
INFO - 2022-03-01 14:40:07 --> Config Class Initialized
INFO - 2022-03-01 14:40:07 --> Hooks Class Initialized
DEBUG - 2022-03-01 14:40:07 --> UTF-8 Support Enabled
INFO - 2022-03-01 14:40:07 --> Utf8 Class Initialized
INFO - 2022-03-01 14:40:07 --> URI Class Initialized
INFO - 2022-03-01 14:40:07 --> Router Class Initialized
INFO - 2022-03-01 14:40:07 --> Output Class Initialized
INFO - 2022-03-01 14:40:07 --> Security Class Initialized
DEBUG - 2022-03-01 14:40:07 --> Global POST, GET and COOKIE data sanitized
INFO - 2022-03-01 14:40:07 --> Input Class Initialized
INFO - 2022-03-01 14:40:07 --> Language Class Initialized
INFO - 2022-03-01 14:40:07 --> Loader Class Initialized
INFO - 2022-03-01 14:40:07 --> Helper loaded: url_helper
INFO - 2022-03-01 14:40:07 --> Helper loaded: util_helper
INFO - 2022-03-01 14:40:07 --> Database Driver Class Initialized
DEBUG - 2022-03-01 14:40:07 --> Session: "sess_save_path" is empty; using "session.save_path" value from php.ini.
INFO - 2022-03-01 14:40:07 --> Session: Class initialized using 'files' driver.
INFO - 2022-03-01 14:40:07 --> Controller Class Initialized
INFO - 2022-03-01 14:40:07 --> Model "Parameter" initialized
INFO - 2022-03-01 14:40:07 --> Model "Order" initialized
INFO - 2022-03-01 14:40:07 --> Final output sent to browser
DEBUG - 2022-03-01 14:40:07 --> Total execution time: 0.0924
INFO - 2022-03-01 14:40:07 --> Config Class Initialized
INFO - 2022-03-01 14:40:07 --> Hooks Class Initialized
DEBUG - 2022-03-01 14:40:07 --> UTF-8 Support Enabled
INFO - 2022-03-01 14:40:07 --> Utf8 Class Initialized
INFO - 2022-03-01 14:40:07 --> URI Class Initialized
DEBUG - 2022-03-01 14:40:07 --> No URI present. Default controller set.
INFO - 2022-03-01 14:40:07 --> Router Class Initialized
INFO - 2022-03-01 14:40:07 --> Output Class Initialized
INFO - 2022-03-01 14:40:07 --> Security Class Initialized
DEBUG - 2022-03-01 14:40:07 --> Global POST, GET and COOKIE data sanitized
INFO - 2022-03-01 14:40:07 --> Input Class Initialized
INFO - 2022-03-01 14:40:07 --> Language Class Initialized
INFO - 2022-03-01 14:40:07 --> Loader Class Initialized
INFO - 2022-03-01 14:40:07 --> Helper loaded: url_helper
INFO - 2022-03-01 14:40:07 --> Helper loaded: util_helper
INFO - 2022-03-01 14:40:07 --> Database Driver Class Initialized
DEBUG - 2022-03-01 14:40:07 --> Session: "sess_save_path" is empty; using "session.save_path" value from php.ini.
INFO - 2022-03-01 14:40:07 --> Session: Class initialized using 'files' driver.
INFO - 2022-03-01 14:40:07 --> Controller Class Initialized
INFO - 2022-03-01 14:40:07 --> Model "Parameter" initialized
ERROR - 2022-03-01 14:40:07 --> Severity: Warning --> count(): Parameter must be an array or an object that implements Countable /Applications/XAMPP/xamppfiles/htdocs/ebo/application/controllers/Main.php 219
INFO - 2022-03-01 14:40:07 --> Model "Order" initialized
INFO - 2022-03-01 14:40:07 --> Model "DiasEntregaPedidos" initialized
INFO - 2022-03-01 14:40:07 --> Model "Pocket" initialized
INFO - 2022-03-01 14:40:07 --> Model "TiposPedidos" initialized
INFO - 2022-03-01 14:40:07 --> Config Class Initialized
INFO - 2022-03-01 14:40:07 --> Hooks Class Initialized
DEBUG - 2022-03-01 14:40:07 --> UTF-8 Support Enabled
INFO - 2022-03-01 14:40:07 --> Utf8 Class Initialized
INFO - 2022-03-01 14:40:07 --> URI Class Initialized
INFO - 2022-03-01 14:40:07 --> Router Class Initialized
INFO - 2022-03-01 14:40:07 --> Output Class Initialized
INFO - 2022-03-01 14:40:07 --> Security Class Initialized
DEBUG - 2022-03-01 14:40:07 --> Global POST, GET and COOKIE data sanitized
INFO - 2022-03-01 14:40:07 --> Input Class Initialized
INFO - 2022-03-01 14:40:07 --> Language Class Initialized
INFO - 2022-03-01 14:40:07 --> Loader Class Initialized
INFO - 2022-03-01 14:40:07 --> Helper loaded: url_helper
INFO - 2022-03-01 14:40:07 --> Helper loaded: util_helper
INFO - 2022-03-01 14:40:07 --> Database Driver Class Initialized
DEBUG - 2022-03-01 14:40:07 --> Session: "sess_save_path" is empty; using "session.save_path" value from php.ini.
INFO - 2022-03-01 14:40:07 --> Session: Class initialized using 'files' driver.
INFO - 2022-03-01 14:40:07 --> Controller Class Initialized
INFO - 2022-03-01 14:40:07 --> Model "Order" initialized
INFO - 2022-03-01 14:40:07 --> Model "Parameter" initialized
INFO - 2022-03-01 14:40:07 --> Model "Pocket" initialized
INFO - 2022-03-01 14:40:07 --> Model "Barrio" initialized
INFO - 2022-03-01 14:40:07 --> Model "Office" initialized
INFO - 2022-03-01 14:40:07 --> Model "Extra" initialized
DEBUG - 2022-03-01 14:40:08 --> PHPMailer class is loaded.
INFO - 2022-03-01 14:40:08 --> File loaded: /Applications/XAMPP/xamppfiles/htdocs/ebo/application/views/mailing/normal.php
INFO - 2022-03-01 14:40:08 --> File loaded: /Applications/XAMPP/xamppfiles/htdocs/ebo/application/views/mailing/alt.php
INFO - 2022-03-01 14:40:08 --> File loaded: /Applications/XAMPP/xamppfiles/htdocs/ebo/application/views/success.php
INFO - 2022-03-01 14:40:08 --> Final output sent to browser
DEBUG - 2022-03-01 14:40:08 --> Total execution time: 0.8508
INFO - 2022-03-01 14:42:26 --> Config Class Initialized
INFO - 2022-03-01 14:42:26 --> Hooks Class Initialized
DEBUG - 2022-03-01 14:42:26 --> UTF-8 Support Enabled
INFO - 2022-03-01 14:42:26 --> Utf8 Class Initialized
INFO - 2022-03-01 14:42:26 --> URI Class Initialized
INFO - 2022-03-01 14:42:26 --> Router Class Initialized
INFO - 2022-03-01 14:42:26 --> Output Class Initialized
INFO - 2022-03-01 14:42:26 --> Security Class Initialized
DEBUG - 2022-03-01 14:42:26 --> Global POST, GET and COOKIE data sanitized
INFO - 2022-03-01 14:42:26 --> Input Class Initialized
INFO - 2022-03-01 14:42:26 --> Language Class Initialized
INFO - 2022-03-01 14:42:26 --> Loader Class Initialized
INFO - 2022-03-01 14:42:26 --> Helper loaded: url_helper
INFO - 2022-03-01 14:42:26 --> Helper loaded: util_helper
INFO - 2022-03-01 14:42:26 --> Database Driver Class Initialized
DEBUG - 2022-03-01 14:42:26 --> Session: "sess_save_path" is empty; using "session.save_path" value from php.ini.
INFO - 2022-03-01 14:42:26 --> Session: Class initialized using 'files' driver.
INFO - 2022-03-01 14:42:26 --> Controller Class Initialized
INFO - 2022-03-01 14:42:26 --> Model "Order" initialized
INFO - 2022-03-01 14:42:26 --> Model "Parameter" initialized
INFO - 2022-03-01 14:42:26 --> Model "Pocket" initialized
INFO - 2022-03-01 14:42:26 --> Model "Barrio" initialized
INFO - 2022-03-01 14:42:26 --> Model "Office" initialized
INFO - 2022-03-01 14:42:26 --> Model "Extra" initialized
INFO - 2022-03-01 14:42:26 --> File loaded: /Applications/XAMPP/xamppfiles/htdocs/ebo/application/views/success.php
INFO - 2022-03-01 14:42:26 --> Final output sent to browser
DEBUG - 2022-03-01 14:42:26 --> Total execution time: 0.1431
INFO - 2022-03-01 14:42:47 --> Config Class Initialized
INFO - 2022-03-01 14:42:47 --> Hooks Class Initialized
DEBUG - 2022-03-01 14:42:47 --> UTF-8 Support Enabled
INFO - 2022-03-01 14:42:47 --> Utf8 Class Initialized
INFO - 2022-03-01 14:42:47 --> URI Class Initialized
INFO - 2022-03-01 14:42:47 --> Router Class Initialized
INFO - 2022-03-01 14:42:47 --> Output Class Initialized
INFO - 2022-03-01 14:42:47 --> Security Class Initialized
DEBUG - 2022-03-01 14:42:47 --> Global POST, GET and COOKIE data sanitized
INFO - 2022-03-01 14:42:47 --> Input Class Initialized
INFO - 2022-03-01 14:42:47 --> Language Class Initialized
INFO - 2022-03-01 14:42:47 --> Loader Class Initialized
INFO - 2022-03-01 14:42:47 --> Helper loaded: url_helper
INFO - 2022-03-01 14:42:47 --> Helper loaded: util_helper
INFO - 2022-03-01 14:42:47 --> Database Driver Class Initialized
DEBUG - 2022-03-01 14:42:47 --> Session: "sess_save_path" is empty; using "session.save_path" value from php.ini.
INFO - 2022-03-01 14:42:47 --> Session: Class initialized using 'files' driver.
INFO - 2022-03-01 14:42:47 --> Controller Class Initialized
INFO - 2022-03-01 14:42:47 --> Model "Order" initialized
INFO - 2022-03-01 14:42:47 --> Model "Parameter" initialized
INFO - 2022-03-01 14:42:47 --> Model "Pocket" initialized
INFO - 2022-03-01 14:42:47 --> Model "Barrio" initialized
INFO - 2022-03-01 14:42:47 --> Model "Office" initialized
INFO - 2022-03-01 14:42:47 --> Model "Extra" initialized
INFO - 2022-03-01 14:42:47 --> File loaded: /Applications/XAMPP/xamppfiles/htdocs/ebo/application/views/success.php
INFO - 2022-03-01 14:42:47 --> Final output sent to browser
DEBUG - 2022-03-01 14:42:47 --> Total execution time: 0.1485
INFO - 2022-03-01 14:46:19 --> Config Class Initialized
INFO - 2022-03-01 14:46:19 --> Hooks Class Initialized
DEBUG - 2022-03-01 14:46:19 --> UTF-8 Support Enabled
INFO - 2022-03-01 14:46:19 --> Utf8 Class Initialized
INFO - 2022-03-01 14:46:19 --> URI Class Initialized
INFO - 2022-03-01 14:46:19 --> Router Class Initialized
INFO - 2022-03-01 14:46:19 --> Output Class Initialized
INFO - 2022-03-01 14:46:19 --> Security Class Initialized
DEBUG - 2022-03-01 14:46:19 --> Global POST, GET and COOKIE data sanitized
INFO - 2022-03-01 14:46:19 --> Input Class Initialized
INFO - 2022-03-01 14:46:19 --> Language Class Initialized
INFO - 2022-03-01 14:46:19 --> Loader Class Initialized
INFO - 2022-03-01 14:46:19 --> Helper loaded: url_helper
INFO - 2022-03-01 14:46:19 --> Helper loaded: util_helper
INFO - 2022-03-01 14:46:19 --> Database Driver Class Initialized
DEBUG - 2022-03-01 14:46:19 --> Session: "sess_save_path" is empty; using "session.save_path" value from php.ini.
INFO - 2022-03-01 14:46:19 --> Session: Class initialized using 'files' driver.
INFO - 2022-03-01 14:46:19 --> Controller Class Initialized
INFO - 2022-03-01 14:46:19 --> Model "Order" initialized
INFO - 2022-03-01 14:46:19 --> Model "Parameter" initialized
INFO - 2022-03-01 14:46:19 --> Model "Pocket" initialized
INFO - 2022-03-01 14:46:19 --> Model "Barrio" initialized
INFO - 2022-03-01 14:46:19 --> Model "Office" initialized
INFO - 2022-03-01 14:46:19 --> Model "Extra" initialized
INFO - 2022-03-01 14:46:19 --> File loaded: /Applications/XAMPP/xamppfiles/htdocs/ebo/application/views/success.php
INFO - 2022-03-01 14:46:19 --> Final output sent to browser
DEBUG - 2022-03-01 14:46:19 --> Total execution time: 0.1483
INFO - 2022-03-01 14:47:06 --> Config Class Initialized
INFO - 2022-03-01 14:47:06 --> Hooks Class Initialized
DEBUG - 2022-03-01 14:47:06 --> UTF-8 Support Enabled
INFO - 2022-03-01 14:47:06 --> Utf8 Class Initialized
INFO - 2022-03-01 14:47:06 --> URI Class Initialized
INFO - 2022-03-01 14:47:06 --> Router Class Initialized
INFO - 2022-03-01 14:47:06 --> Output Class Initialized
INFO - 2022-03-01 14:47:06 --> Security Class Initialized
DEBUG - 2022-03-01 14:47:06 --> Global POST, GET and COOKIE data sanitized
INFO - 2022-03-01 14:47:06 --> Input Class Initialized
INFO - 2022-03-01 14:47:06 --> Language Class Initialized
INFO - 2022-03-01 14:47:06 --> Loader Class Initialized
INFO - 2022-03-01 14:47:06 --> Helper loaded: url_helper
INFO - 2022-03-01 14:47:06 --> Helper loaded: util_helper
INFO - 2022-03-01 14:47:06 --> Database Driver Class Initialized
DEBUG - 2022-03-01 14:47:06 --> Session: "sess_save_path" is empty; using "session.save_path" value from php.ini.
INFO - 2022-03-01 14:47:06 --> Session: Class initialized using 'files' driver.
INFO - 2022-03-01 14:47:06 --> Controller Class Initialized
INFO - 2022-03-01 14:47:06 --> Model "Order" initialized
INFO - 2022-03-01 14:47:06 --> Model "Parameter" initialized
INFO - 2022-03-01 14:47:06 --> Model "Pocket" initialized
INFO - 2022-03-01 14:47:06 --> Model "Barrio" initialized
INFO - 2022-03-01 14:47:06 --> Model "Office" initialized
INFO - 2022-03-01 14:47:06 --> Model "Extra" initialized
DEBUG - 2022-03-01 14:47:06 --> PHPMailer class is loaded.
INFO - 2022-03-01 14:47:06 --> File loaded: /Applications/XAMPP/xamppfiles/htdocs/ebo/application/views/mailing/normal.php
INFO - 2022-03-01 14:47:06 --> File loaded: /Applications/XAMPP/xamppfiles/htdocs/ebo/application/views/mailing/alt.php
INFO - 2022-03-01 14:47:07 --> File loaded: /Applications/XAMPP/xamppfiles/htdocs/ebo/application/views/success.php
INFO - 2022-03-01 14:47:07 --> Final output sent to browser
DEBUG - 2022-03-01 14:47:07 --> Total execution time: 1.1909
INFO - 2022-03-01 14:47:14 --> Config Class Initialized
INFO - 2022-03-01 14:47:14 --> Hooks Class Initialized
DEBUG - 2022-03-01 14:47:14 --> UTF-8 Support Enabled
INFO - 2022-03-01 14:47:14 --> Utf8 Class Initialized
INFO - 2022-03-01 14:47:14 --> URI Class Initialized
INFO - 2022-03-01 14:47:14 --> Router Class Initialized
INFO - 2022-03-01 14:47:14 --> Output Class Initialized
INFO - 2022-03-01 14:47:14 --> Security Class Initialized
DEBUG - 2022-03-01 14:47:14 --> Global POST, GET and COOKIE data sanitized
INFO - 2022-03-01 14:47:14 --> Input Class Initialized
INFO - 2022-03-01 14:47:14 --> Language Class Initialized
INFO - 2022-03-01 14:47:14 --> Loader Class Initialized
INFO - 2022-03-01 14:47:14 --> Helper loaded: url_helper
INFO - 2022-03-01 14:47:14 --> Helper loaded: util_helper
INFO - 2022-03-01 14:47:14 --> Database Driver Class Initialized
DEBUG - 2022-03-01 14:47:14 --> Session: "sess_save_path" is empty; using "session.save_path" value from php.ini.
INFO - 2022-03-01 14:47:14 --> Session: Class initialized using 'files' driver.
INFO - 2022-03-01 14:47:14 --> Controller Class Initialized
INFO - 2022-03-01 14:47:14 --> Model "Order" initialized
INFO - 2022-03-01 14:47:14 --> Model "Parameter" initialized
INFO - 2022-03-01 14:47:14 --> Model "Pocket" initialized
INFO - 2022-03-01 14:47:14 --> Model "Barrio" initialized
INFO - 2022-03-01 14:47:14 --> Model "Office" initialized
INFO - 2022-03-01 14:47:14 --> Model "Extra" initialized
INFO - 2022-03-01 14:47:14 --> File loaded: /Applications/XAMPP/xamppfiles/htdocs/ebo/application/views/success.php
INFO - 2022-03-01 14:47:14 --> Final output sent to browser
DEBUG - 2022-03-01 14:47:14 --> Total execution time: 0.1328
INFO - 2022-03-01 14:48:30 --> Config Class Initialized
INFO - 2022-03-01 14:48:30 --> Hooks Class Initialized
DEBUG - 2022-03-01 14:48:30 --> UTF-8 Support Enabled
INFO - 2022-03-01 14:48:30 --> Utf8 Class Initialized
INFO - 2022-03-01 14:48:30 --> URI Class Initialized
INFO - 2022-03-01 14:48:30 --> Router Class Initialized
INFO - 2022-03-01 14:48:30 --> Output Class Initialized
INFO - 2022-03-01 14:48:30 --> Security Class Initialized
DEBUG - 2022-03-01 14:48:30 --> Global POST, GET and COOKIE data sanitized
INFO - 2022-03-01 14:48:30 --> Input Class Initialized
INFO - 2022-03-01 14:48:30 --> Language Class Initialized
INFO - 2022-03-01 14:48:30 --> Loader Class Initialized
INFO - 2022-03-01 14:48:30 --> Helper loaded: url_helper
INFO - 2022-03-01 14:48:30 --> Helper loaded: util_helper
INFO - 2022-03-01 14:48:30 --> Database Driver Class Initialized
DEBUG - 2022-03-01 14:48:30 --> Session: "sess_save_path" is empty; using "session.save_path" value from php.ini.
INFO - 2022-03-01 14:48:30 --> Session: Class initialized using 'files' driver.
INFO - 2022-03-01 14:48:30 --> Controller Class Initialized
INFO - 2022-03-01 14:48:30 --> Model "Order" initialized
INFO - 2022-03-01 14:48:30 --> Model "Parameter" initialized
INFO - 2022-03-01 14:48:30 --> Model "Pocket" initialized
INFO - 2022-03-01 14:48:30 --> Model "Barrio" initialized
INFO - 2022-03-01 14:48:30 --> Model "Office" initialized
INFO - 2022-03-01 14:48:30 --> Model "Extra" initialized
DEBUG - 2022-03-01 14:48:30 --> PHPMailer class is loaded.
INFO - 2022-03-01 14:48:30 --> File loaded: /Applications/XAMPP/xamppfiles/htdocs/ebo/application/views/mailing/normal.php
INFO - 2022-03-01 14:48:30 --> File loaded: /Applications/XAMPP/xamppfiles/htdocs/ebo/application/views/mailing/alt.php
INFO - 2022-03-01 14:48:31 --> File loaded: /Applications/XAMPP/xamppfiles/htdocs/ebo/application/views/success.php
INFO - 2022-03-01 14:48:31 --> Final output sent to browser
DEBUG - 2022-03-01 14:48:31 --> Total execution time: 0.5749
INFO - 2022-03-01 14:51:32 --> Config Class Initialized
INFO - 2022-03-01 14:51:32 --> Hooks Class Initialized
DEBUG - 2022-03-01 14:51:32 --> UTF-8 Support Enabled
INFO - 2022-03-01 14:51:32 --> Utf8 Class Initialized
INFO - 2022-03-01 14:51:32 --> URI Class Initialized
INFO - 2022-03-01 14:51:32 --> Router Class Initialized
INFO - 2022-03-01 14:51:32 --> Output Class Initialized
INFO - 2022-03-01 14:51:32 --> Security Class Initialized
DEBUG - 2022-03-01 14:51:32 --> Global POST, GET and COOKIE data sanitized
INFO - 2022-03-01 14:51:32 --> Input Class Initialized
INFO - 2022-03-01 14:51:32 --> Language Class Initialized
INFO - 2022-03-01 14:51:32 --> Loader Class Initialized
INFO - 2022-03-01 14:51:32 --> Helper loaded: url_helper
INFO - 2022-03-01 14:51:32 --> Helper loaded: util_helper
INFO - 2022-03-01 14:51:32 --> Database Driver Class Initialized
DEBUG - 2022-03-01 14:51:32 --> Session: "sess_save_path" is empty; using "session.save_path" value from php.ini.
INFO - 2022-03-01 14:51:32 --> Session: Class initialized using 'files' driver.
INFO - 2022-03-01 14:51:32 --> Controller Class Initialized
INFO - 2022-03-01 14:51:32 --> Model "Order" initialized
INFO - 2022-03-01 14:51:32 --> Model "Parameter" initialized
INFO - 2022-03-01 14:51:32 --> Model "Pocket" initialized
INFO - 2022-03-01 14:51:32 --> Model "Barrio" initialized
INFO - 2022-03-01 14:51:32 --> Model "Office" initialized
INFO - 2022-03-01 14:51:32 --> Model "Extra" initialized
DEBUG - 2022-03-01 14:51:32 --> PHPMailer class is loaded.
INFO - 2022-03-01 14:51:32 --> File loaded: /Applications/XAMPP/xamppfiles/htdocs/ebo/application/views/mailing/normal.php
INFO - 2022-03-01 14:51:32 --> File loaded: /Applications/XAMPP/xamppfiles/htdocs/ebo/application/views/mailing/alt.php
INFO - 2022-03-01 14:51:32 --> File loaded: /Applications/XAMPP/xamppfiles/htdocs/ebo/application/views/success.php
INFO - 2022-03-01 14:51:32 --> Final output sent to browser
DEBUG - 2022-03-01 14:51:32 --> Total execution time: 0.6201
INFO - 2022-03-01 14:52:04 --> Config Class Initialized
INFO - 2022-03-01 14:52:04 --> Hooks Class Initialized
DEBUG - 2022-03-01 14:52:04 --> UTF-8 Support Enabled
INFO - 2022-03-01 14:52:04 --> Utf8 Class Initialized
INFO - 2022-03-01 14:52:04 --> URI Class Initialized
INFO - 2022-03-01 14:52:04 --> Router Class Initialized
INFO - 2022-03-01 14:52:04 --> Output Class Initialized
INFO - 2022-03-01 14:52:04 --> Security Class Initialized
DEBUG - 2022-03-01 14:52:04 --> Global POST, GET and COOKIE data sanitized
INFO - 2022-03-01 14:52:04 --> Input Class Initialized
INFO - 2022-03-01 14:52:04 --> Language Class Initialized
INFO - 2022-03-01 14:52:04 --> Loader Class Initialized
INFO - 2022-03-01 14:52:04 --> Helper loaded: url_helper
INFO - 2022-03-01 14:52:04 --> Helper loaded: util_helper
INFO - 2022-03-01 14:52:04 --> Database Driver Class Initialized
DEBUG - 2022-03-01 14:52:04 --> Session: "sess_save_path" is empty; using "session.save_path" value from php.ini.
INFO - 2022-03-01 14:52:04 --> Session: Class initialized using 'files' driver.
INFO - 2022-03-01 14:52:04 --> Controller Class Initialized
INFO - 2022-03-01 14:52:04 --> Model "Order" initialized
INFO - 2022-03-01 14:52:04 --> Model "Parameter" initialized
INFO - 2022-03-01 14:52:04 --> Model "Pocket" initialized
INFO - 2022-03-01 14:52:04 --> Model "Barrio" initialized
INFO - 2022-03-01 14:52:04 --> Model "Office" initialized
INFO - 2022-03-01 14:52:04 --> Model "Extra" initialized
INFO - 2022-03-01 14:52:04 --> File loaded: /Applications/XAMPP/xamppfiles/htdocs/ebo/application/views/success.php
INFO - 2022-03-01 14:52:04 --> Final output sent to browser
DEBUG - 2022-03-01 14:52:04 --> Total execution time: 0.1213
INFO - 2022-03-01 14:53:22 --> Config Class Initialized
INFO - 2022-03-01 14:53:22 --> Hooks Class Initialized
DEBUG - 2022-03-01 14:53:22 --> UTF-8 Support Enabled
INFO - 2022-03-01 14:53:22 --> Utf8 Class Initialized
INFO - 2022-03-01 14:53:22 --> URI Class Initialized
INFO - 2022-03-01 14:53:22 --> Router Class Initialized
INFO - 2022-03-01 14:53:22 --> Output Class Initialized
INFO - 2022-03-01 14:53:22 --> Security Class Initialized
DEBUG - 2022-03-01 14:53:22 --> Global POST, GET and COOKIE data sanitized
INFO - 2022-03-01 14:53:22 --> Input Class Initialized
INFO - 2022-03-01 14:53:22 --> Language Class Initialized
INFO - 2022-03-01 14:53:22 --> Loader Class Initialized
INFO - 2022-03-01 14:53:22 --> Helper loaded: url_helper
INFO - 2022-03-01 14:53:22 --> Helper loaded: util_helper
INFO - 2022-03-01 14:53:22 --> Database Driver Class Initialized
DEBUG - 2022-03-01 14:53:22 --> Session: "sess_save_path" is empty; using "session.save_path" value from php.ini.
INFO - 2022-03-01 14:53:22 --> Session: Class initialized using 'files' driver.
INFO - 2022-03-01 14:53:22 --> Controller Class Initialized
INFO - 2022-03-01 14:53:22 --> Model "Order" initialized
INFO - 2022-03-01 14:53:22 --> Model "Parameter" initialized
INFO - 2022-03-01 14:53:22 --> Model "Pocket" initialized
INFO - 2022-03-01 14:53:22 --> Model "Barrio" initialized
INFO - 2022-03-01 14:53:22 --> Model "Office" initialized
INFO - 2022-03-01 14:53:22 --> Model "Extra" initialized
INFO - 2022-03-01 14:53:22 --> File loaded: /Applications/XAMPP/xamppfiles/htdocs/ebo/application/views/success.php
INFO - 2022-03-01 14:53:22 --> Final output sent to browser
DEBUG - 2022-03-01 14:53:22 --> Total execution time: 0.1269
INFO - 2022-03-01 14:56:16 --> Config Class Initialized
INFO - 2022-03-01 14:56:16 --> Hooks Class Initialized
DEBUG - 2022-03-01 14:56:16 --> UTF-8 Support Enabled
INFO - 2022-03-01 14:56:16 --> Utf8 Class Initialized
INFO - 2022-03-01 14:56:16 --> URI Class Initialized
INFO - 2022-03-01 14:56:16 --> Router Class Initialized
INFO - 2022-03-01 14:56:16 --> Output Class Initialized
INFO - 2022-03-01 14:56:16 --> Security Class Initialized
DEBUG - 2022-03-01 14:56:16 --> Global POST, GET and COOKIE data sanitized
INFO - 2022-03-01 14:56:16 --> Input Class Initialized
INFO - 2022-03-01 14:56:16 --> Language Class Initialized
INFO - 2022-03-01 14:56:16 --> Loader Class Initialized
INFO - 2022-03-01 14:56:16 --> Helper loaded: url_helper
INFO - 2022-03-01 14:56:16 --> Helper loaded: util_helper
INFO - 2022-03-01 14:56:16 --> Database Driver Class Initialized
DEBUG - 2022-03-01 14:56:16 --> Session: "sess_save_path" is empty; using "session.save_path" value from php.ini.
INFO - 2022-03-01 14:56:16 --> Session: Class initialized using 'files' driver.
INFO - 2022-03-01 14:56:16 --> Controller Class Initialized
INFO - 2022-03-01 14:56:16 --> Model "Order" initialized
INFO - 2022-03-01 14:56:16 --> Model "Parameter" initialized
INFO - 2022-03-01 14:56:16 --> Model "Pocket" initialized
INFO - 2022-03-01 14:56:16 --> Model "Barrio" initialized
INFO - 2022-03-01 14:56:16 --> Model "Office" initialized
INFO - 2022-03-01 14:56:16 --> Model "Extra" initialized
INFO - 2022-03-01 14:56:16 --> File loaded: /Applications/XAMPP/xamppfiles/htdocs/ebo/application/views/success.php
INFO - 2022-03-01 14:56:16 --> Final output sent to browser
DEBUG - 2022-03-01 14:56:16 --> Total execution time: 0.1274
INFO - 2022-03-01 14:57:01 --> Config Class Initialized
INFO - 2022-03-01 14:57:01 --> Hooks Class Initialized
DEBUG - 2022-03-01 14:57:01 --> UTF-8 Support Enabled
INFO - 2022-03-01 14:57:01 --> Utf8 Class Initialized
INFO - 2022-03-01 14:57:01 --> URI Class Initialized
INFO - 2022-03-01 14:57:01 --> Router Class Initialized
INFO - 2022-03-01 14:57:01 --> Output Class Initialized
INFO - 2022-03-01 14:57:01 --> Security Class Initialized
DEBUG - 2022-03-01 14:57:01 --> Global POST, GET and COOKIE data sanitized
INFO - 2022-03-01 14:57:01 --> Input Class Initialized
INFO - 2022-03-01 14:57:01 --> Language Class Initialized
INFO - 2022-03-01 14:57:01 --> Loader Class Initialized
INFO - 2022-03-01 14:57:01 --> Helper loaded: url_helper
INFO - 2022-03-01 14:57:01 --> Helper loaded: util_helper
INFO - 2022-03-01 14:57:01 --> Database Driver Class Initialized
DEBUG - 2022-03-01 14:57:01 --> Session: "sess_save_path" is empty; using "session.save_path" value from php.ini.
INFO - 2022-03-01 14:57:01 --> Session: Class initialized using 'files' driver.
INFO - 2022-03-01 14:57:01 --> Controller Class Initialized
INFO - 2022-03-01 14:57:01 --> Model "Order" initialized
INFO - 2022-03-01 14:57:01 --> Model "Parameter" initialized
INFO - 2022-03-01 14:57:01 --> Model "Pocket" initialized
INFO - 2022-03-01 14:57:01 --> Model "Barrio" initialized
INFO - 2022-03-01 14:57:01 --> Model "Office" initialized
INFO - 2022-03-01 14:57:01 --> Model "Extra" initialized
DEBUG - 2022-03-01 14:57:01 --> PHPMailer class is loaded.
INFO - 2022-03-01 14:57:01 --> File loaded: /Applications/XAMPP/xamppfiles/htdocs/ebo/application/views/mailing/normal.php
INFO - 2022-03-01 14:57:01 --> File loaded: /Applications/XAMPP/xamppfiles/htdocs/ebo/application/views/mailing/alt.php
INFO - 2022-03-01 14:57:02 --> File loaded: /Applications/XAMPP/xamppfiles/htdocs/ebo/application/views/success.php
INFO - 2022-03-01 14:57:02 --> Final output sent to browser
DEBUG - 2022-03-01 14:57:02 --> Total execution time: 1.5757
