INFO - 2022-05-14 21:40:46 --> Config Class Initialized
INFO - 2022-05-14 21:40:46 --> Hooks Class Initialized
DEBUG - 2022-05-14 21:40:46 --> UTF-8 Support Enabled
INFO - 2022-05-14 21:40:46 --> Utf8 Class Initialized
INFO - 2022-05-14 21:40:46 --> URI Class Initialized
INFO - 2022-05-14 21:40:46 --> Router Class Initialized
INFO - 2022-05-14 21:40:47 --> Output Class Initialized
INFO - 2022-05-14 21:40:47 --> Security Class Initialized
DEBUG - 2022-05-14 21:40:47 --> Global POST, GET and COOKIE data sanitized
INFO - 2022-05-14 21:40:47 --> Input Class Initialized
INFO - 2022-05-14 21:40:47 --> Language Class Initialized
INFO - 2022-05-14 21:40:47 --> Loader Class Initialized
INFO - 2022-05-14 21:40:47 --> Helper loaded: url_helper
INFO - 2022-05-14 21:40:47 --> Helper loaded: util_helper
INFO - 2022-05-14 21:40:47 --> Database Driver Class Initialized
DEBUG - 2022-05-14 21:40:47 --> Session: "sess_save_path" is empty; using "session.save_path" value from php.ini.
INFO - 2022-05-14 21:40:47 --> Session: Class initialized using 'files' driver.
INFO - 2022-05-14 21:40:47 --> Controller Class Initialized
INFO - 2022-05-14 21:40:47 --> Model "Pocket" initialized
INFO - 2022-05-14 21:40:47 --> Final output sent to browser
DEBUG - 2022-05-14 21:40:47 --> Total execution time: 0.0148
INFO - 2022-05-14 21:40:50 --> Config Class Initialized
INFO - 2022-05-14 21:40:50 --> Hooks Class Initialized
DEBUG - 2022-05-14 21:40:50 --> UTF-8 Support Enabled
INFO - 2022-05-14 21:40:50 --> Utf8 Class Initialized
INFO - 2022-05-14 21:40:50 --> URI Class Initialized
INFO - 2022-05-14 21:40:50 --> Router Class Initialized
INFO - 2022-05-14 21:40:50 --> Output Class Initialized
INFO - 2022-05-14 21:40:50 --> Security Class Initialized
DEBUG - 2022-05-14 21:40:50 --> Global POST, GET and COOKIE data sanitized
INFO - 2022-05-14 21:40:50 --> Input Class Initialized
INFO - 2022-05-14 21:40:50 --> Language Class Initialized
INFO - 2022-05-14 21:40:50 --> Loader Class Initialized
INFO - 2022-05-14 21:40:50 --> Helper loaded: url_helper
INFO - 2022-05-14 21:40:50 --> Helper loaded: util_helper
INFO - 2022-05-14 21:40:50 --> Database Driver Class Initialized
DEBUG - 2022-05-14 21:40:50 --> Session: "sess_save_path" is empty; using "session.save_path" value from php.ini.
INFO - 2022-05-14 21:40:50 --> Session: Class initialized using 'files' driver.
INFO - 2022-05-14 21:40:50 --> Controller Class Initialized
INFO - 2022-05-14 21:40:50 --> Model "Pocket" initialized
INFO - 2022-05-14 21:40:50 --> Final output sent to browser
DEBUG - 2022-05-14 21:40:50 --> Total execution time: 0.0233
INFO - 2022-05-14 21:40:51 --> Config Class Initialized
INFO - 2022-05-14 21:40:51 --> Hooks Class Initialized
DEBUG - 2022-05-14 21:40:51 --> UTF-8 Support Enabled
INFO - 2022-05-14 21:40:51 --> Utf8 Class Initialized
INFO - 2022-05-14 21:40:51 --> URI Class Initialized
INFO - 2022-05-14 21:40:51 --> Router Class Initialized
INFO - 2022-05-14 21:40:51 --> Output Class Initialized
INFO - 2022-05-14 21:40:51 --> Security Class Initialized
DEBUG - 2022-05-14 21:40:51 --> Global POST, GET and COOKIE data sanitized
INFO - 2022-05-14 21:40:51 --> Input Class Initialized
INFO - 2022-05-14 21:40:51 --> Language Class Initialized
INFO - 2022-05-14 21:40:51 --> Loader Class Initialized
INFO - 2022-05-14 21:40:51 --> Helper loaded: url_helper
INFO - 2022-05-14 21:40:51 --> Helper loaded: util_helper
INFO - 2022-05-14 21:40:51 --> Database Driver Class Initialized
DEBUG - 2022-05-14 21:40:51 --> Session: "sess_save_path" is empty; using "session.save_path" value from php.ini.
INFO - 2022-05-14 21:40:51 --> Session: Class initialized using 'files' driver.
INFO - 2022-05-14 21:40:51 --> Controller Class Initialized
INFO - 2022-05-14 21:40:51 --> Model "Pocket" initialized
INFO - 2022-05-14 21:40:51 --> Final output sent to browser
DEBUG - 2022-05-14 21:40:51 --> Total execution time: 0.0226
