INFO - 2022-01-08 02:55:27 --> Config Class Initialized
INFO - 2022-01-08 02:55:27 --> Hooks Class Initialized
DEBUG - 2022-01-08 02:55:27 --> UTF-8 Support Enabled
INFO - 2022-01-08 02:55:27 --> Utf8 Class Initialized
INFO - 2022-01-08 02:55:27 --> URI Class Initialized
DEBUG - 2022-01-08 02:55:27 --> No URI present. Default controller set.
INFO - 2022-01-08 02:55:27 --> Router Class Initialized
INFO - 2022-01-08 02:55:27 --> Output Class Initialized
INFO - 2022-01-08 02:55:27 --> Security Class Initialized
DEBUG - 2022-01-08 02:55:27 --> Global POST, GET and COOKIE data sanitized
INFO - 2022-01-08 02:55:27 --> Input Class Initialized
INFO - 2022-01-08 02:55:27 --> Language Class Initialized
INFO - 2022-01-08 02:55:27 --> Loader Class Initialized
INFO - 2022-01-08 02:55:27 --> Helper loaded: url_helper
INFO - 2022-01-08 02:55:27 --> Helper loaded: util_helper
INFO - 2022-01-08 02:55:27 --> Database Driver Class Initialized
DEBUG - 2022-01-08 02:55:27 --> Session: "sess_save_path" is empty; using "session.save_path" value from php.ini.
INFO - 2022-01-08 02:55:27 --> Session: Class initialized using 'files' driver.
INFO - 2022-01-08 02:55:27 --> Controller Class Initialized
INFO - 2022-01-08 02:55:27 --> Model "Pocket" initialized
INFO - 2022-01-08 02:55:27 --> Model "Office" initialized
INFO - 2022-01-08 02:55:27 --> Model "Extra" initialized
INFO - 2022-01-08 02:55:27 --> Model "Parameter" initialized
INFO - 2022-01-08 02:55:27 --> Model "Barrio" initialized
INFO - 2022-01-08 02:55:27 --> Model "DiasEntregaPedidos" initialized
INFO - 2022-01-08 02:55:27 --> File loaded: /Applications/XAMPP/xamppfiles/htdocs/ebo/application/views/index.php
INFO - 2022-01-08 02:55:27 --> Final output sent to browser
DEBUG - 2022-01-08 02:55:27 --> Total execution time: 0.0481
INFO - 2022-01-08 02:55:28 --> Config Class Initialized
INFO - 2022-01-08 02:55:28 --> Hooks Class Initialized
DEBUG - 2022-01-08 02:55:28 --> UTF-8 Support Enabled
INFO - 2022-01-08 02:55:28 --> Utf8 Class Initialized
INFO - 2022-01-08 02:55:28 --> URI Class Initialized
INFO - 2022-01-08 02:55:28 --> Router Class Initialized
INFO - 2022-01-08 02:55:28 --> Output Class Initialized
INFO - 2022-01-08 02:55:28 --> Security Class Initialized
DEBUG - 2022-01-08 02:55:28 --> Global POST, GET and COOKIE data sanitized
INFO - 2022-01-08 02:55:28 --> Input Class Initialized
INFO - 2022-01-08 02:55:28 --> Language Class Initialized
INFO - 2022-01-08 02:55:28 --> Loader Class Initialized
INFO - 2022-01-08 02:55:28 --> Helper loaded: url_helper
INFO - 2022-01-08 02:55:28 --> Helper loaded: util_helper
INFO - 2022-01-08 02:55:28 --> Database Driver Class Initialized
DEBUG - 2022-01-08 02:55:28 --> Session: "sess_save_path" is empty; using "session.save_path" value from php.ini.
INFO - 2022-01-08 02:55:28 --> Session: Class initialized using 'files' driver.
INFO - 2022-01-08 02:55:28 --> Controller Class Initialized
INFO - 2022-01-08 02:55:28 --> Model "Parameter" initialized
INFO - 2022-01-08 02:55:28 --> Final output sent to browser
DEBUG - 2022-01-08 02:55:28 --> Total execution time: 0.0304
INFO - 2022-01-08 02:55:28 --> Config Class Initialized
INFO - 2022-01-08 02:55:28 --> Hooks Class Initialized
DEBUG - 2022-01-08 02:55:28 --> UTF-8 Support Enabled
INFO - 2022-01-08 02:55:28 --> Utf8 Class Initialized
INFO - 2022-01-08 02:55:28 --> URI Class Initialized
INFO - 2022-01-08 02:55:28 --> Router Class Initialized
INFO - 2022-01-08 02:55:28 --> Output Class Initialized
INFO - 2022-01-08 02:55:28 --> Security Class Initialized
DEBUG - 2022-01-08 02:55:28 --> Global POST, GET and COOKIE data sanitized
INFO - 2022-01-08 02:55:28 --> Input Class Initialized
INFO - 2022-01-08 02:55:28 --> Language Class Initialized
INFO - 2022-01-08 02:55:28 --> Loader Class Initialized
INFO - 2022-01-08 02:55:28 --> Helper loaded: url_helper
INFO - 2022-01-08 02:55:28 --> Helper loaded: util_helper
INFO - 2022-01-08 02:55:28 --> Database Driver Class Initialized
DEBUG - 2022-01-08 02:55:28 --> Session: "sess_save_path" is empty; using "session.save_path" value from php.ini.
INFO - 2022-01-08 02:55:28 --> Session: Class initialized using 'files' driver.
INFO - 2022-01-08 02:55:28 --> Controller Class Initialized
INFO - 2022-01-08 02:55:28 --> Model "Extra" initialized
INFO - 2022-01-08 02:55:28 --> Final output sent to browser
DEBUG - 2022-01-08 02:55:28 --> Total execution time: 0.0156
INFO - 2022-01-08 02:55:28 --> Config Class Initialized
INFO - 2022-01-08 02:55:28 --> Hooks Class Initialized
DEBUG - 2022-01-08 02:55:28 --> UTF-8 Support Enabled
INFO - 2022-01-08 02:55:28 --> Utf8 Class Initialized
INFO - 2022-01-08 02:55:28 --> URI Class Initialized
INFO - 2022-01-08 02:55:28 --> Router Class Initialized
INFO - 2022-01-08 02:55:28 --> Output Class Initialized
INFO - 2022-01-08 02:55:28 --> Security Class Initialized
DEBUG - 2022-01-08 02:55:28 --> Global POST, GET and COOKIE data sanitized
INFO - 2022-01-08 02:55:28 --> Input Class Initialized
INFO - 2022-01-08 02:55:28 --> Language Class Initialized
INFO - 2022-01-08 02:55:28 --> Loader Class Initialized
INFO - 2022-01-08 02:55:28 --> Helper loaded: url_helper
INFO - 2022-01-08 02:55:28 --> Helper loaded: util_helper
INFO - 2022-01-08 02:55:28 --> Database Driver Class Initialized
DEBUG - 2022-01-08 02:55:28 --> Session: "sess_save_path" is empty; using "session.save_path" value from php.ini.
INFO - 2022-01-08 02:55:28 --> Session: Class initialized using 'files' driver.
INFO - 2022-01-08 02:55:28 --> Controller Class Initialized
INFO - 2022-01-08 02:55:28 --> Model "Parameter" initialized
INFO - 2022-01-08 02:55:28 --> Final output sent to browser
DEBUG - 2022-01-08 02:55:28 --> Total execution time: 0.0145
INFO - 2022-01-08 02:55:35 --> Config Class Initialized
INFO - 2022-01-08 02:55:35 --> Hooks Class Initialized
DEBUG - 2022-01-08 02:55:35 --> UTF-8 Support Enabled
INFO - 2022-01-08 02:55:35 --> Utf8 Class Initialized
INFO - 2022-01-08 02:55:35 --> URI Class Initialized
DEBUG - 2022-01-08 02:55:35 --> No URI present. Default controller set.
INFO - 2022-01-08 02:55:35 --> Router Class Initialized
INFO - 2022-01-08 02:55:35 --> Output Class Initialized
INFO - 2022-01-08 02:55:35 --> Security Class Initialized
DEBUG - 2022-01-08 02:55:35 --> Global POST, GET and COOKIE data sanitized
INFO - 2022-01-08 02:55:35 --> Input Class Initialized
INFO - 2022-01-08 02:55:35 --> Language Class Initialized
INFO - 2022-01-08 02:55:35 --> Loader Class Initialized
INFO - 2022-01-08 02:55:35 --> Helper loaded: url_helper
INFO - 2022-01-08 02:55:35 --> Helper loaded: util_helper
INFO - 2022-01-08 02:55:35 --> Database Driver Class Initialized
DEBUG - 2022-01-08 02:55:35 --> Session: "sess_save_path" is empty; using "session.save_path" value from php.ini.
INFO - 2022-01-08 02:55:35 --> Session: Class initialized using 'files' driver.
INFO - 2022-01-08 02:55:35 --> Controller Class Initialized
INFO - 2022-01-08 02:55:35 --> Model "Pocket" initialized
INFO - 2022-01-08 02:55:35 --> Model "Office" initialized
INFO - 2022-01-08 02:55:35 --> Model "Extra" initialized
INFO - 2022-01-08 02:55:35 --> Model "Parameter" initialized
INFO - 2022-01-08 02:55:35 --> Model "Barrio" initialized
INFO - 2022-01-08 02:55:35 --> Model "DiasEntregaPedidos" initialized
INFO - 2022-01-08 02:55:35 --> File loaded: /Applications/XAMPP/xamppfiles/htdocs/ebo/application/views/index.php
INFO - 2022-01-08 02:55:35 --> Final output sent to browser
DEBUG - 2022-01-08 02:55:35 --> Total execution time: 0.0465
INFO - 2022-01-08 02:55:35 --> Config Class Initialized
INFO - 2022-01-08 02:55:35 --> Hooks Class Initialized
DEBUG - 2022-01-08 02:55:35 --> UTF-8 Support Enabled
INFO - 2022-01-08 02:55:35 --> Utf8 Class Initialized
INFO - 2022-01-08 02:55:35 --> URI Class Initialized
INFO - 2022-01-08 02:55:35 --> Router Class Initialized
INFO - 2022-01-08 02:55:35 --> Output Class Initialized
INFO - 2022-01-08 02:55:35 --> Security Class Initialized
DEBUG - 2022-01-08 02:55:35 --> Global POST, GET and COOKIE data sanitized
INFO - 2022-01-08 02:55:35 --> Input Class Initialized
INFO - 2022-01-08 02:55:35 --> Language Class Initialized
INFO - 2022-01-08 02:55:35 --> Loader Class Initialized
INFO - 2022-01-08 02:55:35 --> Helper loaded: url_helper
INFO - 2022-01-08 02:55:35 --> Helper loaded: util_helper
INFO - 2022-01-08 02:55:35 --> Database Driver Class Initialized
DEBUG - 2022-01-08 02:55:35 --> Session: "sess_save_path" is empty; using "session.save_path" value from php.ini.
INFO - 2022-01-08 02:55:35 --> Session: Class initialized using 'files' driver.
INFO - 2022-01-08 02:55:35 --> Controller Class Initialized
INFO - 2022-01-08 02:55:35 --> Model "Parameter" initialized
INFO - 2022-01-08 02:55:35 --> Final output sent to browser
DEBUG - 2022-01-08 02:55:35 --> Total execution time: 0.0270
INFO - 2022-01-08 02:55:35 --> Config Class Initialized
INFO - 2022-01-08 02:55:35 --> Hooks Class Initialized
DEBUG - 2022-01-08 02:55:35 --> UTF-8 Support Enabled
INFO - 2022-01-08 02:55:35 --> Utf8 Class Initialized
INFO - 2022-01-08 02:55:35 --> URI Class Initialized
INFO - 2022-01-08 02:55:35 --> Router Class Initialized
INFO - 2022-01-08 02:55:35 --> Output Class Initialized
INFO - 2022-01-08 02:55:35 --> Security Class Initialized
DEBUG - 2022-01-08 02:55:35 --> Global POST, GET and COOKIE data sanitized
INFO - 2022-01-08 02:55:35 --> Input Class Initialized
INFO - 2022-01-08 02:55:35 --> Language Class Initialized
INFO - 2022-01-08 02:55:35 --> Loader Class Initialized
INFO - 2022-01-08 02:55:35 --> Helper loaded: url_helper
INFO - 2022-01-08 02:55:35 --> Helper loaded: util_helper
INFO - 2022-01-08 02:55:35 --> Database Driver Class Initialized
DEBUG - 2022-01-08 02:55:35 --> Session: "sess_save_path" is empty; using "session.save_path" value from php.ini.
INFO - 2022-01-08 02:55:36 --> Session: Class initialized using 'files' driver.
INFO - 2022-01-08 02:55:36 --> Controller Class Initialized
INFO - 2022-01-08 02:55:36 --> Model "Extra" initialized
INFO - 2022-01-08 02:55:36 --> Final output sent to browser
DEBUG - 2022-01-08 02:55:36 --> Total execution time: 0.0143
INFO - 2022-01-08 02:55:36 --> Config Class Initialized
INFO - 2022-01-08 02:55:36 --> Hooks Class Initialized
DEBUG - 2022-01-08 02:55:36 --> UTF-8 Support Enabled
INFO - 2022-01-08 02:55:36 --> Utf8 Class Initialized
INFO - 2022-01-08 02:55:36 --> URI Class Initialized
INFO - 2022-01-08 02:55:36 --> Router Class Initialized
INFO - 2022-01-08 02:55:36 --> Output Class Initialized
INFO - 2022-01-08 02:55:36 --> Security Class Initialized
DEBUG - 2022-01-08 02:55:36 --> Global POST, GET and COOKIE data sanitized
INFO - 2022-01-08 02:55:36 --> Input Class Initialized
INFO - 2022-01-08 02:55:36 --> Language Class Initialized
INFO - 2022-01-08 02:55:36 --> Loader Class Initialized
INFO - 2022-01-08 02:55:36 --> Helper loaded: url_helper
INFO - 2022-01-08 02:55:36 --> Helper loaded: util_helper
INFO - 2022-01-08 02:55:36 --> Database Driver Class Initialized
DEBUG - 2022-01-08 02:55:36 --> Session: "sess_save_path" is empty; using "session.save_path" value from php.ini.
INFO - 2022-01-08 02:55:36 --> Session: Class initialized using 'files' driver.
INFO - 2022-01-08 02:55:36 --> Controller Class Initialized
INFO - 2022-01-08 02:55:36 --> Model "Parameter" initialized
INFO - 2022-01-08 02:55:36 --> Final output sent to browser
DEBUG - 2022-01-08 02:55:36 --> Total execution time: 0.0121
INFO - 2022-01-08 14:52:02 --> Config Class Initialized
INFO - 2022-01-08 14:52:02 --> Hooks Class Initialized
DEBUG - 2022-01-08 14:52:02 --> UTF-8 Support Enabled
INFO - 2022-01-08 14:52:02 --> Utf8 Class Initialized
INFO - 2022-01-08 14:52:02 --> URI Class Initialized
DEBUG - 2022-01-08 14:52:02 --> No URI present. Default controller set.
INFO - 2022-01-08 14:52:02 --> Router Class Initialized
INFO - 2022-01-08 14:52:02 --> Output Class Initialized
INFO - 2022-01-08 14:52:02 --> Security Class Initialized
DEBUG - 2022-01-08 14:52:02 --> Global POST, GET and COOKIE data sanitized
INFO - 2022-01-08 14:52:02 --> Input Class Initialized
INFO - 2022-01-08 14:52:02 --> Language Class Initialized
INFO - 2022-01-08 14:52:02 --> Loader Class Initialized
INFO - 2022-01-08 14:52:02 --> Helper loaded: url_helper
INFO - 2022-01-08 14:52:02 --> Helper loaded: util_helper
INFO - 2022-01-08 14:52:02 --> Database Driver Class Initialized
DEBUG - 2022-01-08 14:52:02 --> Session: "sess_save_path" is empty; using "session.save_path" value from php.ini.
INFO - 2022-01-08 14:52:02 --> Session: Class initialized using 'files' driver.
INFO - 2022-01-08 14:52:02 --> Controller Class Initialized
INFO - 2022-01-08 14:52:02 --> Model "Pocket" initialized
INFO - 2022-01-08 14:52:02 --> Model "Office" initialized
INFO - 2022-01-08 14:52:02 --> Model "Extra" initialized
INFO - 2022-01-08 14:52:02 --> Model "Parameter" initialized
INFO - 2022-01-08 14:52:02 --> Model "Barrio" initialized
INFO - 2022-01-08 14:52:02 --> Model "DiasEntregaPedidos" initialized
INFO - 2022-01-08 14:52:02 --> File loaded: /Applications/XAMPP/xamppfiles/htdocs/ebo/application/views/index.php
INFO - 2022-01-08 14:52:02 --> Final output sent to browser
DEBUG - 2022-01-08 14:52:02 --> Total execution time: 0.0406
INFO - 2022-01-08 14:52:03 --> Config Class Initialized
INFO - 2022-01-08 14:52:03 --> Hooks Class Initialized
DEBUG - 2022-01-08 14:52:03 --> UTF-8 Support Enabled
INFO - 2022-01-08 14:52:03 --> Utf8 Class Initialized
INFO - 2022-01-08 14:52:03 --> URI Class Initialized
INFO - 2022-01-08 14:52:03 --> Router Class Initialized
INFO - 2022-01-08 14:52:03 --> Output Class Initialized
INFO - 2022-01-08 14:52:03 --> Security Class Initialized
DEBUG - 2022-01-08 14:52:03 --> Global POST, GET and COOKIE data sanitized
INFO - 2022-01-08 14:52:03 --> Input Class Initialized
INFO - 2022-01-08 14:52:03 --> Language Class Initialized
INFO - 2022-01-08 14:52:03 --> Loader Class Initialized
INFO - 2022-01-08 14:52:03 --> Helper loaded: url_helper
INFO - 2022-01-08 14:52:03 --> Helper loaded: util_helper
INFO - 2022-01-08 14:52:03 --> Database Driver Class Initialized
DEBUG - 2022-01-08 14:52:03 --> Session: "sess_save_path" is empty; using "session.save_path" value from php.ini.
INFO - 2022-01-08 14:52:03 --> Session: Class initialized using 'files' driver.
INFO - 2022-01-08 14:52:03 --> Controller Class Initialized
INFO - 2022-01-08 14:52:03 --> Model "Parameter" initialized
INFO - 2022-01-08 14:52:03 --> Final output sent to browser
DEBUG - 2022-01-08 14:52:03 --> Total execution time: 0.0269
INFO - 2022-01-08 14:52:03 --> Config Class Initialized
INFO - 2022-01-08 14:52:03 --> Hooks Class Initialized
DEBUG - 2022-01-08 14:52:03 --> UTF-8 Support Enabled
INFO - 2022-01-08 14:52:03 --> Utf8 Class Initialized
INFO - 2022-01-08 14:52:03 --> URI Class Initialized
INFO - 2022-01-08 14:52:03 --> Router Class Initialized
INFO - 2022-01-08 14:52:03 --> Output Class Initialized
INFO - 2022-01-08 14:52:03 --> Security Class Initialized
DEBUG - 2022-01-08 14:52:03 --> Global POST, GET and COOKIE data sanitized
INFO - 2022-01-08 14:52:03 --> Input Class Initialized
INFO - 2022-01-08 14:52:03 --> Language Class Initialized
INFO - 2022-01-08 14:52:03 --> Loader Class Initialized
INFO - 2022-01-08 14:52:03 --> Helper loaded: url_helper
INFO - 2022-01-08 14:52:03 --> Helper loaded: util_helper
INFO - 2022-01-08 14:52:03 --> Database Driver Class Initialized
DEBUG - 2022-01-08 14:52:03 --> Session: "sess_save_path" is empty; using "session.save_path" value from php.ini.
INFO - 2022-01-08 14:52:03 --> Session: Class initialized using 'files' driver.
INFO - 2022-01-08 14:52:03 --> Controller Class Initialized
INFO - 2022-01-08 14:52:03 --> Model "Extra" initialized
INFO - 2022-01-08 14:52:03 --> Final output sent to browser
DEBUG - 2022-01-08 14:52:03 --> Total execution time: 0.0150
INFO - 2022-01-08 14:52:03 --> Config Class Initialized
INFO - 2022-01-08 14:52:03 --> Hooks Class Initialized
DEBUG - 2022-01-08 14:52:03 --> UTF-8 Support Enabled
INFO - 2022-01-08 14:52:03 --> Utf8 Class Initialized
INFO - 2022-01-08 14:52:03 --> URI Class Initialized
INFO - 2022-01-08 14:52:03 --> Router Class Initialized
INFO - 2022-01-08 14:52:03 --> Output Class Initialized
INFO - 2022-01-08 14:52:03 --> Security Class Initialized
DEBUG - 2022-01-08 14:52:03 --> Global POST, GET and COOKIE data sanitized
INFO - 2022-01-08 14:52:03 --> Input Class Initialized
INFO - 2022-01-08 14:52:03 --> Language Class Initialized
INFO - 2022-01-08 14:52:03 --> Loader Class Initialized
INFO - 2022-01-08 14:52:03 --> Helper loaded: url_helper
INFO - 2022-01-08 14:52:03 --> Helper loaded: util_helper
INFO - 2022-01-08 14:52:03 --> Database Driver Class Initialized
DEBUG - 2022-01-08 14:52:03 --> Session: "sess_save_path" is empty; using "session.save_path" value from php.ini.
INFO - 2022-01-08 14:52:03 --> Session: Class initialized using 'files' driver.
INFO - 2022-01-08 14:52:03 --> Controller Class Initialized
INFO - 2022-01-08 14:52:03 --> Model "Parameter" initialized
INFO - 2022-01-08 14:52:03 --> Final output sent to browser
DEBUG - 2022-01-08 14:52:03 --> Total execution time: 0.0161
INFO - 2022-01-08 14:52:09 --> Config Class Initialized
INFO - 2022-01-08 14:52:09 --> Hooks Class Initialized
DEBUG - 2022-01-08 14:52:09 --> UTF-8 Support Enabled
INFO - 2022-01-08 14:52:09 --> Utf8 Class Initialized
INFO - 2022-01-08 14:52:09 --> URI Class Initialized
INFO - 2022-01-08 14:52:09 --> Router Class Initialized
INFO - 2022-01-08 14:52:09 --> Output Class Initialized
INFO - 2022-01-08 14:52:09 --> Security Class Initialized
DEBUG - 2022-01-08 14:52:09 --> Global POST, GET and COOKIE data sanitized
INFO - 2022-01-08 14:52:09 --> Input Class Initialized
INFO - 2022-01-08 14:52:09 --> Language Class Initialized
INFO - 2022-01-08 14:52:09 --> Loader Class Initialized
INFO - 2022-01-08 14:52:09 --> Helper loaded: url_helper
INFO - 2022-01-08 14:52:09 --> Helper loaded: util_helper
INFO - 2022-01-08 14:52:09 --> Database Driver Class Initialized
DEBUG - 2022-01-08 14:52:09 --> Session: "sess_save_path" is empty; using "session.save_path" value from php.ini.
INFO - 2022-01-08 14:52:09 --> Session: Class initialized using 'files' driver.
INFO - 2022-01-08 14:52:09 --> Controller Class Initialized
INFO - 2022-01-08 14:52:09 --> Model "Newsletter" initialized
INFO - 2022-01-08 14:52:09 --> Final output sent to browser
DEBUG - 2022-01-08 14:52:09 --> Total execution time: 0.0248
INFO - 2022-01-08 14:52:25 --> Config Class Initialized
INFO - 2022-01-08 14:52:25 --> Hooks Class Initialized
DEBUG - 2022-01-08 14:52:25 --> UTF-8 Support Enabled
INFO - 2022-01-08 14:52:25 --> Utf8 Class Initialized
INFO - 2022-01-08 14:52:25 --> URI Class Initialized
INFO - 2022-01-08 14:52:25 --> Router Class Initialized
INFO - 2022-01-08 14:52:25 --> Output Class Initialized
INFO - 2022-01-08 14:52:25 --> Security Class Initialized
DEBUG - 2022-01-08 14:52:25 --> Global POST, GET and COOKIE data sanitized
INFO - 2022-01-08 14:52:25 --> Input Class Initialized
INFO - 2022-01-08 14:52:25 --> Language Class Initialized
INFO - 2022-01-08 14:52:25 --> Loader Class Initialized
INFO - 2022-01-08 14:52:25 --> Helper loaded: url_helper
INFO - 2022-01-08 14:52:25 --> Helper loaded: util_helper
INFO - 2022-01-08 14:52:25 --> Database Driver Class Initialized
DEBUG - 2022-01-08 14:52:25 --> Session: "sess_save_path" is empty; using "session.save_path" value from php.ini.
INFO - 2022-01-08 14:52:25 --> Session: Class initialized using 'files' driver.
INFO - 2022-01-08 14:52:25 --> Controller Class Initialized
INFO - 2022-01-08 14:52:25 --> Model "Newsletter" initialized
INFO - 2022-01-08 14:52:25 --> Final output sent to browser
DEBUG - 2022-01-08 14:52:25 --> Total execution time: 0.0305
INFO - 2022-01-08 14:52:25 --> Config Class Initialized
INFO - 2022-01-08 14:52:25 --> Hooks Class Initialized
DEBUG - 2022-01-08 14:52:25 --> UTF-8 Support Enabled
INFO - 2022-01-08 14:52:25 --> Utf8 Class Initialized
INFO - 2022-01-08 14:52:25 --> URI Class Initialized
INFO - 2022-01-08 14:52:25 --> Router Class Initialized
INFO - 2022-01-08 14:52:25 --> Output Class Initialized
INFO - 2022-01-08 14:52:25 --> Security Class Initialized
DEBUG - 2022-01-08 14:52:25 --> Global POST, GET and COOKIE data sanitized
INFO - 2022-01-08 14:52:25 --> Input Class Initialized
INFO - 2022-01-08 14:52:25 --> Language Class Initialized
INFO - 2022-01-08 14:52:25 --> Loader Class Initialized
INFO - 2022-01-08 14:52:25 --> Helper loaded: url_helper
INFO - 2022-01-08 14:52:25 --> Helper loaded: util_helper
INFO - 2022-01-08 14:52:25 --> Database Driver Class Initialized
DEBUG - 2022-01-08 14:52:25 --> Session: "sess_save_path" is empty; using "session.save_path" value from php.ini.
INFO - 2022-01-08 14:52:25 --> Session: Class initialized using 'files' driver.
INFO - 2022-01-08 14:52:25 --> Controller Class Initialized
INFO - 2022-01-08 14:52:25 --> Model "Newsletter" initialized
DEBUG - 2022-01-08 14:52:25 --> PHPMailer class is loaded.
INFO - 2022-01-08 14:52:25 --> Model "Parameter" initialized
INFO - 2022-01-08 14:52:25 --> Model "NewsletterAdjuntos" initialized
INFO - 2022-01-08 14:52:25 --> File loaded: /Applications/XAMPP/xamppfiles/htdocs/ebo/application/views/mailing/newsletterSuscription.php
INFO - 2022-01-08 14:52:29 --> Final output sent to browser
DEBUG - 2022-01-08 14:52:29 --> Total execution time: 4.7547
INFO - 2022-01-08 15:23:46 --> Config Class Initialized
INFO - 2022-01-08 15:23:46 --> Hooks Class Initialized
DEBUG - 2022-01-08 15:23:46 --> UTF-8 Support Enabled
INFO - 2022-01-08 15:23:46 --> Utf8 Class Initialized
INFO - 2022-01-08 15:23:46 --> URI Class Initialized
DEBUG - 2022-01-08 15:23:46 --> No URI present. Default controller set.
INFO - 2022-01-08 15:23:46 --> Router Class Initialized
INFO - 2022-01-08 15:23:46 --> Output Class Initialized
INFO - 2022-01-08 15:23:46 --> Security Class Initialized
DEBUG - 2022-01-08 15:23:46 --> Global POST, GET and COOKIE data sanitized
INFO - 2022-01-08 15:23:46 --> Input Class Initialized
INFO - 2022-01-08 15:23:46 --> Language Class Initialized
INFO - 2022-01-08 15:23:46 --> Loader Class Initialized
INFO - 2022-01-08 15:23:46 --> Helper loaded: url_helper
INFO - 2022-01-08 15:23:46 --> Helper loaded: util_helper
INFO - 2022-01-08 15:23:46 --> Database Driver Class Initialized
DEBUG - 2022-01-08 15:23:46 --> Session: "sess_save_path" is empty; using "session.save_path" value from php.ini.
INFO - 2022-01-08 15:23:46 --> Session: Class initialized using 'files' driver.
INFO - 2022-01-08 15:23:46 --> Controller Class Initialized
INFO - 2022-01-08 15:23:46 --> Model "Pocket" initialized
INFO - 2022-01-08 15:23:46 --> Model "Office" initialized
INFO - 2022-01-08 15:23:46 --> Model "Extra" initialized
INFO - 2022-01-08 15:23:46 --> Model "Parameter" initialized
INFO - 2022-01-08 15:23:46 --> Model "Barrio" initialized
INFO - 2022-01-08 15:23:46 --> Model "DiasEntregaPedidos" initialized
INFO - 2022-01-08 15:23:46 --> File loaded: /Applications/XAMPP/xamppfiles/htdocs/ebo/application/views/index.php
INFO - 2022-01-08 15:23:46 --> Final output sent to browser
DEBUG - 2022-01-08 15:23:46 --> Total execution time: 0.0374
INFO - 2022-01-08 15:23:46 --> Config Class Initialized
INFO - 2022-01-08 15:23:46 --> Hooks Class Initialized
DEBUG - 2022-01-08 15:23:46 --> UTF-8 Support Enabled
INFO - 2022-01-08 15:23:46 --> Utf8 Class Initialized
INFO - 2022-01-08 15:23:46 --> URI Class Initialized
INFO - 2022-01-08 15:23:46 --> Router Class Initialized
INFO - 2022-01-08 15:23:46 --> Output Class Initialized
INFO - 2022-01-08 15:23:46 --> Security Class Initialized
DEBUG - 2022-01-08 15:23:46 --> Global POST, GET and COOKIE data sanitized
INFO - 2022-01-08 15:23:46 --> Input Class Initialized
INFO - 2022-01-08 15:23:46 --> Language Class Initialized
INFO - 2022-01-08 15:23:46 --> Loader Class Initialized
INFO - 2022-01-08 15:23:46 --> Helper loaded: url_helper
INFO - 2022-01-08 15:23:46 --> Helper loaded: util_helper
INFO - 2022-01-08 15:23:46 --> Database Driver Class Initialized
DEBUG - 2022-01-08 15:23:46 --> Session: "sess_save_path" is empty; using "session.save_path" value from php.ini.
INFO - 2022-01-08 15:23:46 --> Session: Class initialized using 'files' driver.
INFO - 2022-01-08 15:23:46 --> Controller Class Initialized
INFO - 2022-01-08 15:23:46 --> Model "Parameter" initialized
INFO - 2022-01-08 15:23:46 --> Final output sent to browser
DEBUG - 2022-01-08 15:23:46 --> Total execution time: 0.0265
INFO - 2022-01-08 15:23:46 --> Config Class Initialized
INFO - 2022-01-08 15:23:46 --> Hooks Class Initialized
DEBUG - 2022-01-08 15:23:46 --> UTF-8 Support Enabled
INFO - 2022-01-08 15:23:46 --> Utf8 Class Initialized
INFO - 2022-01-08 15:23:46 --> URI Class Initialized
INFO - 2022-01-08 15:23:46 --> Router Class Initialized
INFO - 2022-01-08 15:23:46 --> Output Class Initialized
INFO - 2022-01-08 15:23:46 --> Security Class Initialized
DEBUG - 2022-01-08 15:23:46 --> Global POST, GET and COOKIE data sanitized
INFO - 2022-01-08 15:23:46 --> Input Class Initialized
INFO - 2022-01-08 15:23:46 --> Language Class Initialized
INFO - 2022-01-08 15:23:46 --> Loader Class Initialized
INFO - 2022-01-08 15:23:46 --> Helper loaded: url_helper
INFO - 2022-01-08 15:23:46 --> Helper loaded: util_helper
INFO - 2022-01-08 15:23:46 --> Database Driver Class Initialized
DEBUG - 2022-01-08 15:23:46 --> Session: "sess_save_path" is empty; using "session.save_path" value from php.ini.
INFO - 2022-01-08 15:23:46 --> Session: Class initialized using 'files' driver.
INFO - 2022-01-08 15:23:46 --> Controller Class Initialized
INFO - 2022-01-08 15:23:46 --> Model "Extra" initialized
INFO - 2022-01-08 15:23:46 --> Final output sent to browser
DEBUG - 2022-01-08 15:23:46 --> Total execution time: 0.0119
INFO - 2022-01-08 15:23:46 --> Config Class Initialized
INFO - 2022-01-08 15:23:46 --> Hooks Class Initialized
DEBUG - 2022-01-08 15:23:46 --> UTF-8 Support Enabled
INFO - 2022-01-08 15:23:46 --> Utf8 Class Initialized
INFO - 2022-01-08 15:23:46 --> URI Class Initialized
INFO - 2022-01-08 15:23:46 --> Router Class Initialized
INFO - 2022-01-08 15:23:46 --> Output Class Initialized
INFO - 2022-01-08 15:23:46 --> Security Class Initialized
DEBUG - 2022-01-08 15:23:46 --> Global POST, GET and COOKIE data sanitized
INFO - 2022-01-08 15:23:46 --> Input Class Initialized
INFO - 2022-01-08 15:23:46 --> Language Class Initialized
INFO - 2022-01-08 15:23:46 --> Loader Class Initialized
INFO - 2022-01-08 15:23:46 --> Helper loaded: url_helper
INFO - 2022-01-08 15:23:46 --> Helper loaded: util_helper
INFO - 2022-01-08 15:23:46 --> Database Driver Class Initialized
DEBUG - 2022-01-08 15:23:46 --> Session: "sess_save_path" is empty; using "session.save_path" value from php.ini.
INFO - 2022-01-08 15:23:46 --> Session: Class initialized using 'files' driver.
INFO - 2022-01-08 15:23:46 --> Controller Class Initialized
INFO - 2022-01-08 15:23:46 --> Model "Parameter" initialized
INFO - 2022-01-08 15:23:46 --> Final output sent to browser
DEBUG - 2022-01-08 15:23:46 --> Total execution time: 0.0100
INFO - 2022-01-08 15:23:54 --> Config Class Initialized
INFO - 2022-01-08 15:23:54 --> Hooks Class Initialized
DEBUG - 2022-01-08 15:23:54 --> UTF-8 Support Enabled
INFO - 2022-01-08 15:23:54 --> Utf8 Class Initialized
INFO - 2022-01-08 15:23:54 --> URI Class Initialized
INFO - 2022-01-08 15:23:54 --> Router Class Initialized
INFO - 2022-01-08 15:23:54 --> Output Class Initialized
INFO - 2022-01-08 15:23:54 --> Security Class Initialized
DEBUG - 2022-01-08 15:23:54 --> Global POST, GET and COOKIE data sanitized
INFO - 2022-01-08 15:23:54 --> Input Class Initialized
INFO - 2022-01-08 15:23:54 --> Language Class Initialized
INFO - 2022-01-08 15:23:54 --> Loader Class Initialized
INFO - 2022-01-08 15:23:54 --> Helper loaded: url_helper
INFO - 2022-01-08 15:23:54 --> Helper loaded: util_helper
INFO - 2022-01-08 15:23:54 --> Database Driver Class Initialized
DEBUG - 2022-01-08 15:23:54 --> Session: "sess_save_path" is empty; using "session.save_path" value from php.ini.
INFO - 2022-01-08 15:23:54 --> Session: Class initialized using 'files' driver.
INFO - 2022-01-08 15:23:54 --> Controller Class Initialized
INFO - 2022-01-08 15:23:54 --> Model "Newsletter" initialized
INFO - 2022-01-08 15:23:54 --> Final output sent to browser
DEBUG - 2022-01-08 15:23:54 --> Total execution time: 0.0474
INFO - 2022-01-08 15:23:54 --> Config Class Initialized
INFO - 2022-01-08 15:23:54 --> Hooks Class Initialized
DEBUG - 2022-01-08 15:23:54 --> UTF-8 Support Enabled
INFO - 2022-01-08 15:23:54 --> Utf8 Class Initialized
INFO - 2022-01-08 15:23:54 --> URI Class Initialized
INFO - 2022-01-08 15:23:54 --> Router Class Initialized
INFO - 2022-01-08 15:23:54 --> Output Class Initialized
INFO - 2022-01-08 15:23:54 --> Security Class Initialized
DEBUG - 2022-01-08 15:23:54 --> Global POST, GET and COOKIE data sanitized
INFO - 2022-01-08 15:23:54 --> Input Class Initialized
INFO - 2022-01-08 15:23:54 --> Language Class Initialized
INFO - 2022-01-08 15:23:54 --> Loader Class Initialized
INFO - 2022-01-08 15:23:54 --> Helper loaded: url_helper
INFO - 2022-01-08 15:23:54 --> Helper loaded: util_helper
INFO - 2022-01-08 15:23:54 --> Database Driver Class Initialized
DEBUG - 2022-01-08 15:23:54 --> Session: "sess_save_path" is empty; using "session.save_path" value from php.ini.
INFO - 2022-01-08 15:23:54 --> Session: Class initialized using 'files' driver.
INFO - 2022-01-08 15:23:54 --> Controller Class Initialized
INFO - 2022-01-08 15:23:54 --> Model "Newsletter" initialized
DEBUG - 2022-01-08 15:23:54 --> PHPMailer class is loaded.
INFO - 2022-01-08 15:23:54 --> Model "Parameter" initialized
INFO - 2022-01-08 15:23:54 --> Model "NewsletterAdjuntos" initialized
INFO - 2022-01-08 15:23:54 --> File loaded: /Applications/XAMPP/xamppfiles/htdocs/ebo/application/views/mailing/newsletterSuscription.php
INFO - 2022-01-08 15:23:58 --> Final output sent to browser
DEBUG - 2022-01-08 15:23:58 --> Total execution time: 3.2470
INFO - 2022-01-08 15:38:31 --> Config Class Initialized
INFO - 2022-01-08 15:38:31 --> Hooks Class Initialized
DEBUG - 2022-01-08 15:38:31 --> UTF-8 Support Enabled
INFO - 2022-01-08 15:38:31 --> Utf8 Class Initialized
INFO - 2022-01-08 15:38:31 --> URI Class Initialized
DEBUG - 2022-01-08 15:38:31 --> No URI present. Default controller set.
INFO - 2022-01-08 15:38:31 --> Router Class Initialized
INFO - 2022-01-08 15:38:31 --> Output Class Initialized
INFO - 2022-01-08 15:38:31 --> Security Class Initialized
DEBUG - 2022-01-08 15:38:31 --> Global POST, GET and COOKIE data sanitized
INFO - 2022-01-08 15:38:31 --> Input Class Initialized
INFO - 2022-01-08 15:38:31 --> Language Class Initialized
INFO - 2022-01-08 15:38:31 --> Loader Class Initialized
INFO - 2022-01-08 15:38:31 --> Helper loaded: url_helper
INFO - 2022-01-08 15:38:31 --> Helper loaded: util_helper
INFO - 2022-01-08 15:38:31 --> Database Driver Class Initialized
DEBUG - 2022-01-08 15:38:31 --> Session: "sess_save_path" is empty; using "session.save_path" value from php.ini.
INFO - 2022-01-08 15:38:31 --> Session: Class initialized using 'files' driver.
INFO - 2022-01-08 15:38:31 --> Controller Class Initialized
INFO - 2022-01-08 15:38:31 --> Model "Pocket" initialized
INFO - 2022-01-08 15:38:31 --> Model "Office" initialized
INFO - 2022-01-08 15:38:31 --> Model "Extra" initialized
INFO - 2022-01-08 15:38:31 --> Model "Parameter" initialized
INFO - 2022-01-08 15:38:31 --> Model "Barrio" initialized
INFO - 2022-01-08 15:38:31 --> Model "DiasEntregaPedidos" initialized
INFO - 2022-01-08 15:38:31 --> File loaded: /Applications/XAMPP/xamppfiles/htdocs/ebo/application/views/index.php
INFO - 2022-01-08 15:38:31 --> Final output sent to browser
DEBUG - 2022-01-08 15:38:31 --> Total execution time: 0.0424
INFO - 2022-01-08 15:38:32 --> Config Class Initialized
INFO - 2022-01-08 15:38:32 --> Hooks Class Initialized
DEBUG - 2022-01-08 15:38:32 --> UTF-8 Support Enabled
INFO - 2022-01-08 15:38:32 --> Utf8 Class Initialized
INFO - 2022-01-08 15:38:32 --> URI Class Initialized
INFO - 2022-01-08 15:38:32 --> Router Class Initialized
INFO - 2022-01-08 15:38:32 --> Output Class Initialized
INFO - 2022-01-08 15:38:32 --> Security Class Initialized
DEBUG - 2022-01-08 15:38:32 --> Global POST, GET and COOKIE data sanitized
INFO - 2022-01-08 15:38:32 --> Input Class Initialized
INFO - 2022-01-08 15:38:32 --> Language Class Initialized
INFO - 2022-01-08 15:38:32 --> Loader Class Initialized
INFO - 2022-01-08 15:38:32 --> Helper loaded: url_helper
INFO - 2022-01-08 15:38:32 --> Helper loaded: util_helper
INFO - 2022-01-08 15:38:32 --> Database Driver Class Initialized
DEBUG - 2022-01-08 15:38:32 --> Session: "sess_save_path" is empty; using "session.save_path" value from php.ini.
INFO - 2022-01-08 15:38:32 --> Session: Class initialized using 'files' driver.
INFO - 2022-01-08 15:38:32 --> Controller Class Initialized
INFO - 2022-01-08 15:38:32 --> Model "Parameter" initialized
INFO - 2022-01-08 15:38:32 --> Final output sent to browser
DEBUG - 2022-01-08 15:38:32 --> Total execution time: 0.0274
INFO - 2022-01-08 15:38:32 --> Config Class Initialized
INFO - 2022-01-08 15:38:32 --> Hooks Class Initialized
DEBUG - 2022-01-08 15:38:32 --> UTF-8 Support Enabled
INFO - 2022-01-08 15:38:32 --> Utf8 Class Initialized
INFO - 2022-01-08 15:38:32 --> URI Class Initialized
INFO - 2022-01-08 15:38:32 --> Router Class Initialized
INFO - 2022-01-08 15:38:32 --> Output Class Initialized
INFO - 2022-01-08 15:38:32 --> Security Class Initialized
DEBUG - 2022-01-08 15:38:32 --> Global POST, GET and COOKIE data sanitized
INFO - 2022-01-08 15:38:32 --> Input Class Initialized
INFO - 2022-01-08 15:38:32 --> Language Class Initialized
INFO - 2022-01-08 15:38:32 --> Loader Class Initialized
INFO - 2022-01-08 15:38:32 --> Helper loaded: url_helper
INFO - 2022-01-08 15:38:32 --> Helper loaded: util_helper
INFO - 2022-01-08 15:38:32 --> Database Driver Class Initialized
DEBUG - 2022-01-08 15:38:32 --> Session: "sess_save_path" is empty; using "session.save_path" value from php.ini.
INFO - 2022-01-08 15:38:32 --> Session: Class initialized using 'files' driver.
INFO - 2022-01-08 15:38:32 --> Controller Class Initialized
INFO - 2022-01-08 15:38:32 --> Model "Extra" initialized
INFO - 2022-01-08 15:38:32 --> Final output sent to browser
DEBUG - 2022-01-08 15:38:32 --> Total execution time: 0.0174
INFO - 2022-01-08 15:38:32 --> Config Class Initialized
INFO - 2022-01-08 15:38:32 --> Hooks Class Initialized
DEBUG - 2022-01-08 15:38:32 --> UTF-8 Support Enabled
INFO - 2022-01-08 15:38:32 --> Utf8 Class Initialized
INFO - 2022-01-08 15:38:32 --> URI Class Initialized
INFO - 2022-01-08 15:38:32 --> Router Class Initialized
INFO - 2022-01-08 15:38:32 --> Output Class Initialized
INFO - 2022-01-08 15:38:32 --> Security Class Initialized
DEBUG - 2022-01-08 15:38:32 --> Global POST, GET and COOKIE data sanitized
INFO - 2022-01-08 15:38:32 --> Input Class Initialized
INFO - 2022-01-08 15:38:32 --> Language Class Initialized
INFO - 2022-01-08 15:38:32 --> Loader Class Initialized
INFO - 2022-01-08 15:38:32 --> Helper loaded: url_helper
INFO - 2022-01-08 15:38:32 --> Helper loaded: util_helper
INFO - 2022-01-08 15:38:32 --> Database Driver Class Initialized
DEBUG - 2022-01-08 15:38:32 --> Session: "sess_save_path" is empty; using "session.save_path" value from php.ini.
INFO - 2022-01-08 15:38:32 --> Session: Class initialized using 'files' driver.
INFO - 2022-01-08 15:38:32 --> Controller Class Initialized
INFO - 2022-01-08 15:38:32 --> Model "Parameter" initialized
INFO - 2022-01-08 15:38:32 --> Final output sent to browser
DEBUG - 2022-01-08 15:38:32 --> Total execution time: 0.0104
INFO - 2022-01-08 22:36:06 --> Config Class Initialized
INFO - 2022-01-08 22:36:06 --> Hooks Class Initialized
DEBUG - 2022-01-08 22:36:06 --> UTF-8 Support Enabled
INFO - 2022-01-08 22:36:06 --> Utf8 Class Initialized
INFO - 2022-01-08 22:36:06 --> URI Class Initialized
DEBUG - 2022-01-08 22:36:06 --> No URI present. Default controller set.
INFO - 2022-01-08 22:36:06 --> Router Class Initialized
INFO - 2022-01-08 22:36:06 --> Output Class Initialized
INFO - 2022-01-08 22:36:06 --> Security Class Initialized
DEBUG - 2022-01-08 22:36:06 --> Global POST, GET and COOKIE data sanitized
INFO - 2022-01-08 22:36:06 --> Input Class Initialized
INFO - 2022-01-08 22:36:06 --> Language Class Initialized
INFO - 2022-01-08 22:36:06 --> Loader Class Initialized
INFO - 2022-01-08 22:36:06 --> Helper loaded: url_helper
INFO - 2022-01-08 22:36:06 --> Helper loaded: util_helper
INFO - 2022-01-08 22:36:06 --> Database Driver Class Initialized
DEBUG - 2022-01-08 22:36:06 --> Session: "sess_save_path" is empty; using "session.save_path" value from php.ini.
INFO - 2022-01-08 22:36:06 --> Session: Class initialized using 'files' driver.
INFO - 2022-01-08 22:36:06 --> Controller Class Initialized
INFO - 2022-01-08 22:36:06 --> Model "Pocket" initialized
INFO - 2022-01-08 22:36:06 --> Model "Office" initialized
INFO - 2022-01-08 22:36:06 --> Model "Extra" initialized
INFO - 2022-01-08 22:36:06 --> Model "Parameter" initialized
INFO - 2022-01-08 22:36:06 --> Model "Barrio" initialized
INFO - 2022-01-08 22:36:06 --> Model "DiasEntregaPedidos" initialized
INFO - 2022-01-08 22:36:06 --> File loaded: /Applications/XAMPP/xamppfiles/htdocs/ebo/application/views/index.php
INFO - 2022-01-08 22:36:06 --> Final output sent to browser
DEBUG - 2022-01-08 22:36:06 --> Total execution time: 0.0538
INFO - 2022-01-08 22:36:06 --> Config Class Initialized
INFO - 2022-01-08 22:36:06 --> Hooks Class Initialized
DEBUG - 2022-01-08 22:36:06 --> UTF-8 Support Enabled
INFO - 2022-01-08 22:36:06 --> Utf8 Class Initialized
INFO - 2022-01-08 22:36:06 --> URI Class Initialized
INFO - 2022-01-08 22:36:06 --> Router Class Initialized
INFO - 2022-01-08 22:36:06 --> Output Class Initialized
INFO - 2022-01-08 22:36:06 --> Security Class Initialized
DEBUG - 2022-01-08 22:36:06 --> Global POST, GET and COOKIE data sanitized
INFO - 2022-01-08 22:36:06 --> Input Class Initialized
INFO - 2022-01-08 22:36:06 --> Language Class Initialized
INFO - 2022-01-08 22:36:06 --> Loader Class Initialized
INFO - 2022-01-08 22:36:06 --> Helper loaded: url_helper
INFO - 2022-01-08 22:36:06 --> Helper loaded: util_helper
INFO - 2022-01-08 22:36:06 --> Database Driver Class Initialized
DEBUG - 2022-01-08 22:36:06 --> Session: "sess_save_path" is empty; using "session.save_path" value from php.ini.
INFO - 2022-01-08 22:36:06 --> Session: Class initialized using 'files' driver.
INFO - 2022-01-08 22:36:06 --> Controller Class Initialized
INFO - 2022-01-08 22:36:06 --> Model "Parameter" initialized
INFO - 2022-01-08 22:36:06 --> Final output sent to browser
DEBUG - 2022-01-08 22:36:06 --> Total execution time: 0.0254
INFO - 2022-01-08 22:36:06 --> Config Class Initialized
INFO - 2022-01-08 22:36:06 --> Hooks Class Initialized
DEBUG - 2022-01-08 22:36:06 --> UTF-8 Support Enabled
INFO - 2022-01-08 22:36:06 --> Utf8 Class Initialized
INFO - 2022-01-08 22:36:06 --> URI Class Initialized
INFO - 2022-01-08 22:36:06 --> Router Class Initialized
INFO - 2022-01-08 22:36:06 --> Output Class Initialized
INFO - 2022-01-08 22:36:06 --> Security Class Initialized
DEBUG - 2022-01-08 22:36:06 --> Global POST, GET and COOKIE data sanitized
INFO - 2022-01-08 22:36:06 --> Input Class Initialized
INFO - 2022-01-08 22:36:06 --> Language Class Initialized
INFO - 2022-01-08 22:36:06 --> Loader Class Initialized
INFO - 2022-01-08 22:36:06 --> Helper loaded: url_helper
INFO - 2022-01-08 22:36:06 --> Helper loaded: util_helper
INFO - 2022-01-08 22:36:06 --> Database Driver Class Initialized
DEBUG - 2022-01-08 22:36:06 --> Session: "sess_save_path" is empty; using "session.save_path" value from php.ini.
INFO - 2022-01-08 22:36:06 --> Session: Class initialized using 'files' driver.
INFO - 2022-01-08 22:36:06 --> Controller Class Initialized
INFO - 2022-01-08 22:36:06 --> Model "Extra" initialized
INFO - 2022-01-08 22:36:06 --> Final output sent to browser
DEBUG - 2022-01-08 22:36:06 --> Total execution time: 0.0128
INFO - 2022-01-08 22:36:06 --> Config Class Initialized
INFO - 2022-01-08 22:36:06 --> Hooks Class Initialized
DEBUG - 2022-01-08 22:36:06 --> UTF-8 Support Enabled
INFO - 2022-01-08 22:36:06 --> Utf8 Class Initialized
INFO - 2022-01-08 22:36:06 --> URI Class Initialized
INFO - 2022-01-08 22:36:06 --> Router Class Initialized
INFO - 2022-01-08 22:36:06 --> Output Class Initialized
INFO - 2022-01-08 22:36:06 --> Security Class Initialized
DEBUG - 2022-01-08 22:36:06 --> Global POST, GET and COOKIE data sanitized
INFO - 2022-01-08 22:36:06 --> Input Class Initialized
INFO - 2022-01-08 22:36:06 --> Language Class Initialized
INFO - 2022-01-08 22:36:06 --> Loader Class Initialized
INFO - 2022-01-08 22:36:06 --> Helper loaded: url_helper
INFO - 2022-01-08 22:36:06 --> Helper loaded: util_helper
INFO - 2022-01-08 22:36:06 --> Database Driver Class Initialized
DEBUG - 2022-01-08 22:36:06 --> Session: "sess_save_path" is empty; using "session.save_path" value from php.ini.
INFO - 2022-01-08 22:36:06 --> Session: Class initialized using 'files' driver.
INFO - 2022-01-08 22:36:06 --> Controller Class Initialized
INFO - 2022-01-08 22:36:06 --> Model "Parameter" initialized
INFO - 2022-01-08 22:36:06 --> Final output sent to browser
DEBUG - 2022-01-08 22:36:06 --> Total execution time: 0.0110
INFO - 2022-01-08 22:38:30 --> Config Class Initialized
INFO - 2022-01-08 22:38:30 --> Hooks Class Initialized
DEBUG - 2022-01-08 22:38:30 --> UTF-8 Support Enabled
INFO - 2022-01-08 22:38:30 --> Utf8 Class Initialized
INFO - 2022-01-08 22:38:30 --> URI Class Initialized
DEBUG - 2022-01-08 22:38:30 --> No URI present. Default controller set.
INFO - 2022-01-08 22:38:30 --> Router Class Initialized
INFO - 2022-01-08 22:38:30 --> Output Class Initialized
INFO - 2022-01-08 22:38:30 --> Security Class Initialized
DEBUG - 2022-01-08 22:38:30 --> Global POST, GET and COOKIE data sanitized
INFO - 2022-01-08 22:38:30 --> Input Class Initialized
INFO - 2022-01-08 22:38:30 --> Language Class Initialized
INFO - 2022-01-08 22:38:30 --> Loader Class Initialized
INFO - 2022-01-08 22:38:30 --> Helper loaded: url_helper
INFO - 2022-01-08 22:38:30 --> Helper loaded: util_helper
INFO - 2022-01-08 22:38:30 --> Database Driver Class Initialized
DEBUG - 2022-01-08 22:38:30 --> Session: "sess_save_path" is empty; using "session.save_path" value from php.ini.
INFO - 2022-01-08 22:38:30 --> Session: Class initialized using 'files' driver.
INFO - 2022-01-08 22:38:30 --> Controller Class Initialized
INFO - 2022-01-08 22:38:30 --> Model "Pocket" initialized
INFO - 2022-01-08 22:38:30 --> Model "Office" initialized
INFO - 2022-01-08 22:38:30 --> Model "Extra" initialized
INFO - 2022-01-08 22:38:30 --> Model "Parameter" initialized
INFO - 2022-01-08 22:38:30 --> Model "Barrio" initialized
INFO - 2022-01-08 22:38:30 --> Model "DiasEntregaPedidos" initialized
INFO - 2022-01-08 22:38:30 --> File loaded: /Applications/XAMPP/xamppfiles/htdocs/ebo/application/views/index.php
INFO - 2022-01-08 22:38:30 --> Final output sent to browser
DEBUG - 2022-01-08 22:38:30 --> Total execution time: 0.0332
INFO - 2022-01-08 22:38:30 --> Config Class Initialized
INFO - 2022-01-08 22:38:30 --> Hooks Class Initialized
DEBUG - 2022-01-08 22:38:30 --> UTF-8 Support Enabled
INFO - 2022-01-08 22:38:30 --> Utf8 Class Initialized
INFO - 2022-01-08 22:38:30 --> URI Class Initialized
INFO - 2022-01-08 22:38:30 --> Router Class Initialized
INFO - 2022-01-08 22:38:30 --> Output Class Initialized
INFO - 2022-01-08 22:38:30 --> Security Class Initialized
DEBUG - 2022-01-08 22:38:30 --> Global POST, GET and COOKIE data sanitized
INFO - 2022-01-08 22:38:30 --> Input Class Initialized
INFO - 2022-01-08 22:38:30 --> Language Class Initialized
INFO - 2022-01-08 22:38:30 --> Loader Class Initialized
INFO - 2022-01-08 22:38:30 --> Helper loaded: url_helper
INFO - 2022-01-08 22:38:30 --> Helper loaded: util_helper
INFO - 2022-01-08 22:38:30 --> Database Driver Class Initialized
DEBUG - 2022-01-08 22:38:30 --> Session: "sess_save_path" is empty; using "session.save_path" value from php.ini.
INFO - 2022-01-08 22:38:30 --> Session: Class initialized using 'files' driver.
INFO - 2022-01-08 22:38:30 --> Controller Class Initialized
INFO - 2022-01-08 22:38:30 --> Model "Parameter" initialized
INFO - 2022-01-08 22:38:30 --> Final output sent to browser
DEBUG - 2022-01-08 22:38:30 --> Total execution time: 0.0228
INFO - 2022-01-08 22:38:30 --> Config Class Initialized
INFO - 2022-01-08 22:38:30 --> Hooks Class Initialized
DEBUG - 2022-01-08 22:38:30 --> UTF-8 Support Enabled
INFO - 2022-01-08 22:38:30 --> Utf8 Class Initialized
INFO - 2022-01-08 22:38:30 --> URI Class Initialized
INFO - 2022-01-08 22:38:30 --> Router Class Initialized
INFO - 2022-01-08 22:38:30 --> Output Class Initialized
INFO - 2022-01-08 22:38:30 --> Security Class Initialized
DEBUG - 2022-01-08 22:38:30 --> Global POST, GET and COOKIE data sanitized
INFO - 2022-01-08 22:38:30 --> Input Class Initialized
INFO - 2022-01-08 22:38:30 --> Language Class Initialized
INFO - 2022-01-08 22:38:30 --> Loader Class Initialized
INFO - 2022-01-08 22:38:30 --> Helper loaded: url_helper
INFO - 2022-01-08 22:38:30 --> Helper loaded: util_helper
INFO - 2022-01-08 22:38:30 --> Database Driver Class Initialized
DEBUG - 2022-01-08 22:38:30 --> Session: "sess_save_path" is empty; using "session.save_path" value from php.ini.
INFO - 2022-01-08 22:38:30 --> Session: Class initialized using 'files' driver.
INFO - 2022-01-08 22:38:30 --> Controller Class Initialized
INFO - 2022-01-08 22:38:30 --> Model "Extra" initialized
INFO - 2022-01-08 22:38:30 --> Final output sent to browser
DEBUG - 2022-01-08 22:38:30 --> Total execution time: 0.0150
INFO - 2022-01-08 22:38:30 --> Config Class Initialized
INFO - 2022-01-08 22:38:30 --> Hooks Class Initialized
DEBUG - 2022-01-08 22:38:30 --> UTF-8 Support Enabled
INFO - 2022-01-08 22:38:30 --> Utf8 Class Initialized
INFO - 2022-01-08 22:38:30 --> URI Class Initialized
INFO - 2022-01-08 22:38:30 --> Router Class Initialized
INFO - 2022-01-08 22:38:30 --> Output Class Initialized
INFO - 2022-01-08 22:38:30 --> Security Class Initialized
DEBUG - 2022-01-08 22:38:30 --> Global POST, GET and COOKIE data sanitized
INFO - 2022-01-08 22:38:30 --> Input Class Initialized
INFO - 2022-01-08 22:38:30 --> Language Class Initialized
INFO - 2022-01-08 22:38:31 --> Loader Class Initialized
INFO - 2022-01-08 22:38:31 --> Helper loaded: url_helper
INFO - 2022-01-08 22:38:31 --> Helper loaded: util_helper
INFO - 2022-01-08 22:38:31 --> Database Driver Class Initialized
DEBUG - 2022-01-08 22:38:31 --> Session: "sess_save_path" is empty; using "session.save_path" value from php.ini.
INFO - 2022-01-08 22:38:31 --> Session: Class initialized using 'files' driver.
INFO - 2022-01-08 22:38:31 --> Controller Class Initialized
INFO - 2022-01-08 22:38:31 --> Model "Parameter" initialized
INFO - 2022-01-08 22:38:31 --> Final output sent to browser
DEBUG - 2022-01-08 22:38:31 --> Total execution time: 0.0105
INFO - 2022-01-08 22:38:47 --> Config Class Initialized
INFO - 2022-01-08 22:38:47 --> Hooks Class Initialized
DEBUG - 2022-01-08 22:38:47 --> UTF-8 Support Enabled
INFO - 2022-01-08 22:38:47 --> Utf8 Class Initialized
INFO - 2022-01-08 22:38:47 --> URI Class Initialized
DEBUG - 2022-01-08 22:38:47 --> No URI present. Default controller set.
INFO - 2022-01-08 22:38:47 --> Router Class Initialized
INFO - 2022-01-08 22:38:47 --> Output Class Initialized
INFO - 2022-01-08 22:38:47 --> Security Class Initialized
DEBUG - 2022-01-08 22:38:47 --> Global POST, GET and COOKIE data sanitized
INFO - 2022-01-08 22:38:47 --> Input Class Initialized
INFO - 2022-01-08 22:38:47 --> Language Class Initialized
INFO - 2022-01-08 22:38:47 --> Loader Class Initialized
INFO - 2022-01-08 22:38:47 --> Helper loaded: url_helper
INFO - 2022-01-08 22:38:47 --> Helper loaded: util_helper
INFO - 2022-01-08 22:38:48 --> Database Driver Class Initialized
DEBUG - 2022-01-08 22:38:48 --> Session: "sess_save_path" is empty; using "session.save_path" value from php.ini.
INFO - 2022-01-08 22:38:48 --> Session: Class initialized using 'files' driver.
INFO - 2022-01-08 22:38:48 --> Controller Class Initialized
INFO - 2022-01-08 22:38:48 --> Model "Pocket" initialized
INFO - 2022-01-08 22:38:48 --> Model "Office" initialized
INFO - 2022-01-08 22:38:48 --> Model "Extra" initialized
INFO - 2022-01-08 22:38:48 --> Model "Parameter" initialized
INFO - 2022-01-08 22:38:48 --> Model "Barrio" initialized
INFO - 2022-01-08 22:38:48 --> Model "DiasEntregaPedidos" initialized
INFO - 2022-01-08 22:38:48 --> File loaded: /Applications/XAMPP/xamppfiles/htdocs/ebo/application/views/index.php
INFO - 2022-01-08 22:38:48 --> Final output sent to browser
DEBUG - 2022-01-08 22:38:48 --> Total execution time: 0.0395
INFO - 2022-01-08 22:38:48 --> Config Class Initialized
INFO - 2022-01-08 22:38:48 --> Hooks Class Initialized
DEBUG - 2022-01-08 22:38:48 --> UTF-8 Support Enabled
INFO - 2022-01-08 22:38:48 --> Utf8 Class Initialized
INFO - 2022-01-08 22:38:48 --> URI Class Initialized
INFO - 2022-01-08 22:38:48 --> Router Class Initialized
INFO - 2022-01-08 22:38:48 --> Output Class Initialized
INFO - 2022-01-08 22:38:48 --> Security Class Initialized
DEBUG - 2022-01-08 22:38:48 --> Global POST, GET and COOKIE data sanitized
INFO - 2022-01-08 22:38:48 --> Input Class Initialized
INFO - 2022-01-08 22:38:48 --> Language Class Initialized
INFO - 2022-01-08 22:38:48 --> Loader Class Initialized
INFO - 2022-01-08 22:38:48 --> Helper loaded: url_helper
INFO - 2022-01-08 22:38:48 --> Helper loaded: util_helper
INFO - 2022-01-08 22:38:48 --> Database Driver Class Initialized
DEBUG - 2022-01-08 22:38:48 --> Session: "sess_save_path" is empty; using "session.save_path" value from php.ini.
INFO - 2022-01-08 22:38:48 --> Session: Class initialized using 'files' driver.
INFO - 2022-01-08 22:38:48 --> Controller Class Initialized
INFO - 2022-01-08 22:38:48 --> Model "Parameter" initialized
INFO - 2022-01-08 22:38:48 --> Final output sent to browser
DEBUG - 2022-01-08 22:38:48 --> Total execution time: 0.0234
INFO - 2022-01-08 22:38:48 --> Config Class Initialized
INFO - 2022-01-08 22:38:48 --> Hooks Class Initialized
DEBUG - 2022-01-08 22:38:48 --> UTF-8 Support Enabled
INFO - 2022-01-08 22:38:48 --> Utf8 Class Initialized
INFO - 2022-01-08 22:38:48 --> URI Class Initialized
INFO - 2022-01-08 22:38:48 --> Router Class Initialized
INFO - 2022-01-08 22:38:48 --> Output Class Initialized
INFO - 2022-01-08 22:38:48 --> Security Class Initialized
DEBUG - 2022-01-08 22:38:48 --> Global POST, GET and COOKIE data sanitized
INFO - 2022-01-08 22:38:48 --> Input Class Initialized
INFO - 2022-01-08 22:38:48 --> Language Class Initialized
INFO - 2022-01-08 22:38:48 --> Loader Class Initialized
INFO - 2022-01-08 22:38:48 --> Helper loaded: url_helper
INFO - 2022-01-08 22:38:48 --> Helper loaded: util_helper
INFO - 2022-01-08 22:38:48 --> Database Driver Class Initialized
DEBUG - 2022-01-08 22:38:48 --> Session: "sess_save_path" is empty; using "session.save_path" value from php.ini.
INFO - 2022-01-08 22:38:48 --> Session: Class initialized using 'files' driver.
INFO - 2022-01-08 22:38:48 --> Controller Class Initialized
INFO - 2022-01-08 22:38:48 --> Model "Extra" initialized
INFO - 2022-01-08 22:38:48 --> Final output sent to browser
DEBUG - 2022-01-08 22:38:48 --> Total execution time: 0.0119
INFO - 2022-01-08 22:38:48 --> Config Class Initialized
INFO - 2022-01-08 22:38:48 --> Hooks Class Initialized
DEBUG - 2022-01-08 22:38:48 --> UTF-8 Support Enabled
INFO - 2022-01-08 22:38:48 --> Utf8 Class Initialized
INFO - 2022-01-08 22:38:48 --> URI Class Initialized
INFO - 2022-01-08 22:38:48 --> Router Class Initialized
INFO - 2022-01-08 22:38:48 --> Output Class Initialized
INFO - 2022-01-08 22:38:48 --> Security Class Initialized
DEBUG - 2022-01-08 22:38:48 --> Global POST, GET and COOKIE data sanitized
INFO - 2022-01-08 22:38:48 --> Input Class Initialized
INFO - 2022-01-08 22:38:48 --> Language Class Initialized
INFO - 2022-01-08 22:38:48 --> Loader Class Initialized
INFO - 2022-01-08 22:38:48 --> Helper loaded: url_helper
INFO - 2022-01-08 22:38:48 --> Helper loaded: util_helper
INFO - 2022-01-08 22:38:48 --> Database Driver Class Initialized
DEBUG - 2022-01-08 22:38:48 --> Session: "sess_save_path" is empty; using "session.save_path" value from php.ini.
INFO - 2022-01-08 22:38:48 --> Session: Class initialized using 'files' driver.
INFO - 2022-01-08 22:38:48 --> Controller Class Initialized
INFO - 2022-01-08 22:38:48 --> Model "Parameter" initialized
INFO - 2022-01-08 22:38:48 --> Final output sent to browser
DEBUG - 2022-01-08 22:38:48 --> Total execution time: 0.0112
INFO - 2022-01-08 22:39:08 --> Config Class Initialized
INFO - 2022-01-08 22:39:08 --> Hooks Class Initialized
DEBUG - 2022-01-08 22:39:08 --> UTF-8 Support Enabled
INFO - 2022-01-08 22:39:08 --> Utf8 Class Initialized
INFO - 2022-01-08 22:39:08 --> URI Class Initialized
DEBUG - 2022-01-08 22:39:08 --> No URI present. Default controller set.
INFO - 2022-01-08 22:39:08 --> Router Class Initialized
INFO - 2022-01-08 22:39:08 --> Output Class Initialized
INFO - 2022-01-08 22:39:08 --> Security Class Initialized
DEBUG - 2022-01-08 22:39:08 --> Global POST, GET and COOKIE data sanitized
INFO - 2022-01-08 22:39:08 --> Input Class Initialized
INFO - 2022-01-08 22:39:08 --> Language Class Initialized
INFO - 2022-01-08 22:39:08 --> Loader Class Initialized
INFO - 2022-01-08 22:39:08 --> Helper loaded: url_helper
INFO - 2022-01-08 22:39:08 --> Helper loaded: util_helper
INFO - 2022-01-08 22:39:08 --> Database Driver Class Initialized
DEBUG - 2022-01-08 22:39:08 --> Session: "sess_save_path" is empty; using "session.save_path" value from php.ini.
INFO - 2022-01-08 22:39:08 --> Session: Class initialized using 'files' driver.
INFO - 2022-01-08 22:39:08 --> Controller Class Initialized
INFO - 2022-01-08 22:39:08 --> Model "Pocket" initialized
INFO - 2022-01-08 22:39:08 --> Model "Office" initialized
INFO - 2022-01-08 22:39:08 --> Model "Extra" initialized
INFO - 2022-01-08 22:39:08 --> Model "Parameter" initialized
INFO - 2022-01-08 22:39:08 --> Model "Barrio" initialized
INFO - 2022-01-08 22:39:08 --> Model "DiasEntregaPedidos" initialized
INFO - 2022-01-08 22:39:08 --> File loaded: /Applications/XAMPP/xamppfiles/htdocs/ebo/application/views/index.php
INFO - 2022-01-08 22:39:08 --> Final output sent to browser
DEBUG - 2022-01-08 22:39:08 --> Total execution time: 0.0527
INFO - 2022-01-08 22:39:09 --> Config Class Initialized
INFO - 2022-01-08 22:39:09 --> Hooks Class Initialized
DEBUG - 2022-01-08 22:39:09 --> UTF-8 Support Enabled
INFO - 2022-01-08 22:39:09 --> Utf8 Class Initialized
INFO - 2022-01-08 22:39:09 --> URI Class Initialized
INFO - 2022-01-08 22:39:09 --> Router Class Initialized
INFO - 2022-01-08 22:39:09 --> Output Class Initialized
INFO - 2022-01-08 22:39:09 --> Security Class Initialized
DEBUG - 2022-01-08 22:39:09 --> Global POST, GET and COOKIE data sanitized
INFO - 2022-01-08 22:39:09 --> Input Class Initialized
INFO - 2022-01-08 22:39:09 --> Language Class Initialized
INFO - 2022-01-08 22:39:09 --> Loader Class Initialized
INFO - 2022-01-08 22:39:09 --> Helper loaded: url_helper
INFO - 2022-01-08 22:39:09 --> Helper loaded: util_helper
INFO - 2022-01-08 22:39:09 --> Database Driver Class Initialized
DEBUG - 2022-01-08 22:39:09 --> Session: "sess_save_path" is empty; using "session.save_path" value from php.ini.
INFO - 2022-01-08 22:39:09 --> Session: Class initialized using 'files' driver.
INFO - 2022-01-08 22:39:09 --> Controller Class Initialized
INFO - 2022-01-08 22:39:09 --> Model "Parameter" initialized
INFO - 2022-01-08 22:39:09 --> Final output sent to browser
DEBUG - 2022-01-08 22:39:09 --> Total execution time: 0.0203
INFO - 2022-01-08 22:39:10 --> Config Class Initialized
INFO - 2022-01-08 22:39:10 --> Hooks Class Initialized
DEBUG - 2022-01-08 22:39:10 --> UTF-8 Support Enabled
INFO - 2022-01-08 22:39:10 --> Utf8 Class Initialized
INFO - 2022-01-08 22:39:10 --> URI Class Initialized
INFO - 2022-01-08 22:39:10 --> Router Class Initialized
INFO - 2022-01-08 22:39:10 --> Output Class Initialized
INFO - 2022-01-08 22:39:10 --> Security Class Initialized
DEBUG - 2022-01-08 22:39:10 --> Global POST, GET and COOKIE data sanitized
INFO - 2022-01-08 22:39:10 --> Input Class Initialized
INFO - 2022-01-08 22:39:10 --> Language Class Initialized
INFO - 2022-01-08 22:39:10 --> Loader Class Initialized
INFO - 2022-01-08 22:39:10 --> Helper loaded: url_helper
INFO - 2022-01-08 22:39:10 --> Helper loaded: util_helper
INFO - 2022-01-08 22:39:10 --> Database Driver Class Initialized
DEBUG - 2022-01-08 22:39:10 --> Session: "sess_save_path" is empty; using "session.save_path" value from php.ini.
INFO - 2022-01-08 22:39:10 --> Session: Class initialized using 'files' driver.
INFO - 2022-01-08 22:39:10 --> Controller Class Initialized
INFO - 2022-01-08 22:39:10 --> Model "Extra" initialized
INFO - 2022-01-08 22:39:10 --> Final output sent to browser
DEBUG - 2022-01-08 22:39:10 --> Total execution time: 0.0320
INFO - 2022-01-08 22:39:10 --> Config Class Initialized
INFO - 2022-01-08 22:39:10 --> Hooks Class Initialized
DEBUG - 2022-01-08 22:39:10 --> UTF-8 Support Enabled
INFO - 2022-01-08 22:39:10 --> Utf8 Class Initialized
INFO - 2022-01-08 22:39:10 --> URI Class Initialized
INFO - 2022-01-08 22:39:10 --> Router Class Initialized
INFO - 2022-01-08 22:39:10 --> Output Class Initialized
INFO - 2022-01-08 22:39:10 --> Security Class Initialized
DEBUG - 2022-01-08 22:39:10 --> Global POST, GET and COOKIE data sanitized
INFO - 2022-01-08 22:39:10 --> Input Class Initialized
INFO - 2022-01-08 22:39:10 --> Language Class Initialized
INFO - 2022-01-08 22:39:10 --> Loader Class Initialized
INFO - 2022-01-08 22:39:10 --> Helper loaded: url_helper
INFO - 2022-01-08 22:39:10 --> Helper loaded: util_helper
INFO - 2022-01-08 22:39:10 --> Database Driver Class Initialized
DEBUG - 2022-01-08 22:39:10 --> Session: "sess_save_path" is empty; using "session.save_path" value from php.ini.
INFO - 2022-01-08 22:39:10 --> Session: Class initialized using 'files' driver.
INFO - 2022-01-08 22:39:10 --> Controller Class Initialized
INFO - 2022-01-08 22:39:10 --> Model "Parameter" initialized
INFO - 2022-01-08 22:39:10 --> Final output sent to browser
DEBUG - 2022-01-08 22:39:10 --> Total execution time: 0.0306
