INFO - 2022-02-04 11:11:09 --> Config Class Initialized
INFO - 2022-02-04 11:11:09 --> Hooks Class Initialized
DEBUG - 2022-02-04 11:11:09 --> UTF-8 Support Enabled
INFO - 2022-02-04 11:11:09 --> Utf8 Class Initialized
INFO - 2022-02-04 11:11:09 --> URI Class Initialized
INFO - 2022-02-04 11:11:09 --> Router Class Initialized
INFO - 2022-02-04 11:11:09 --> Output Class Initialized
INFO - 2022-02-04 11:11:09 --> Security Class Initialized
DEBUG - 2022-02-04 11:11:09 --> Global POST, GET and COOKIE data sanitized
INFO - 2022-02-04 11:11:09 --> Input Class Initialized
INFO - 2022-02-04 11:11:09 --> Language Class Initialized
INFO - 2022-02-04 11:11:09 --> Loader Class Initialized
INFO - 2022-02-04 11:11:09 --> Helper loaded: url_helper
INFO - 2022-02-04 11:11:09 --> Helper loaded: util_helper
INFO - 2022-02-04 11:11:09 --> Database Driver Class Initialized
DEBUG - 2022-02-04 11:11:09 --> Session: "sess_save_path" is empty; using "session.save_path" value from php.ini.
INFO - 2022-02-04 11:11:09 --> Session: Class initialized using 'files' driver.
INFO - 2022-02-04 11:11:09 --> Controller Class Initialized
INFO - 2022-02-04 11:11:09 --> Model "Order" initialized
INFO - 2022-02-04 11:11:09 --> Model "Parameter" initialized
INFO - 2022-02-04 11:11:10 --> Final output sent to browser
DEBUG - 2022-02-04 11:11:10 --> Total execution time: 1.3879
