INFO - 2022-01-20 01:03:03 --> Config Class Initialized
INFO - 2022-01-20 01:03:03 --> Hooks Class Initialized
DEBUG - 2022-01-20 01:03:03 --> UTF-8 Support Enabled
INFO - 2022-01-20 01:03:03 --> Utf8 Class Initialized
INFO - 2022-01-20 01:03:03 --> URI Class Initialized
DEBUG - 2022-01-20 01:03:03 --> No URI present. Default controller set.
INFO - 2022-01-20 01:03:03 --> Router Class Initialized
INFO - 2022-01-20 01:03:03 --> Output Class Initialized
INFO - 2022-01-20 01:03:03 --> Security Class Initialized
DEBUG - 2022-01-20 01:03:03 --> Global POST, GET and COOKIE data sanitized
INFO - 2022-01-20 01:03:03 --> Input Class Initialized
INFO - 2022-01-20 01:03:03 --> Language Class Initialized
INFO - 2022-01-20 01:03:03 --> Loader Class Initialized
INFO - 2022-01-20 01:03:03 --> Helper loaded: url_helper
INFO - 2022-01-20 01:03:03 --> Helper loaded: util_helper
INFO - 2022-01-20 01:03:03 --> Database Driver Class Initialized
DEBUG - 2022-01-20 01:03:03 --> Session: "sess_save_path" is empty; using "session.save_path" value from php.ini.
INFO - 2022-01-20 01:03:03 --> Session: Class initialized using 'files' driver.
INFO - 2022-01-20 01:03:03 --> Controller Class Initialized
INFO - 2022-01-20 01:03:03 --> Model "Pocket" initialized
INFO - 2022-01-20 01:03:03 --> Model "Office" initialized
INFO - 2022-01-20 01:03:03 --> Model "Extra" initialized
INFO - 2022-01-20 01:03:03 --> Model "Parameter" initialized
INFO - 2022-01-20 01:03:03 --> Model "Barrio" initialized
INFO - 2022-01-20 01:03:03 --> Model "DiasEntregaPedidos" initialized
INFO - 2022-01-20 01:03:03 --> File loaded: /Applications/XAMPP/xamppfiles/htdocs/ebo/application/views/index.php
INFO - 2022-01-20 01:03:03 --> Final output sent to browser
DEBUG - 2022-01-20 01:03:03 --> Total execution time: 0.0897
INFO - 2022-01-20 01:03:03 --> Config Class Initialized
INFO - 2022-01-20 01:03:03 --> Hooks Class Initialized
DEBUG - 2022-01-20 01:03:03 --> UTF-8 Support Enabled
INFO - 2022-01-20 01:03:03 --> Utf8 Class Initialized
INFO - 2022-01-20 01:03:03 --> URI Class Initialized
INFO - 2022-01-20 01:03:03 --> Router Class Initialized
INFO - 2022-01-20 01:03:03 --> Output Class Initialized
INFO - 2022-01-20 01:03:03 --> Security Class Initialized
DEBUG - 2022-01-20 01:03:03 --> Global POST, GET and COOKIE data sanitized
INFO - 2022-01-20 01:03:03 --> Input Class Initialized
INFO - 2022-01-20 01:03:03 --> Language Class Initialized
INFO - 2022-01-20 01:03:03 --> Loader Class Initialized
INFO - 2022-01-20 01:03:03 --> Helper loaded: url_helper
INFO - 2022-01-20 01:03:03 --> Helper loaded: util_helper
INFO - 2022-01-20 01:03:03 --> Database Driver Class Initialized
DEBUG - 2022-01-20 01:03:03 --> Session: "sess_save_path" is empty; using "session.save_path" value from php.ini.
INFO - 2022-01-20 01:03:03 --> Session: Class initialized using 'files' driver.
INFO - 2022-01-20 01:03:03 --> Controller Class Initialized
INFO - 2022-01-20 01:03:03 --> Model "Parameter" initialized
INFO - 2022-01-20 01:03:03 --> Final output sent to browser
DEBUG - 2022-01-20 01:03:03 --> Total execution time: 0.0288
INFO - 2022-01-20 01:03:03 --> Config Class Initialized
INFO - 2022-01-20 01:03:03 --> Hooks Class Initialized
DEBUG - 2022-01-20 01:03:03 --> UTF-8 Support Enabled
INFO - 2022-01-20 01:03:03 --> Utf8 Class Initialized
INFO - 2022-01-20 01:03:03 --> URI Class Initialized
INFO - 2022-01-20 01:03:03 --> Router Class Initialized
INFO - 2022-01-20 01:03:03 --> Output Class Initialized
INFO - 2022-01-20 01:03:03 --> Security Class Initialized
DEBUG - 2022-01-20 01:03:03 --> Global POST, GET and COOKIE data sanitized
INFO - 2022-01-20 01:03:03 --> Input Class Initialized
INFO - 2022-01-20 01:03:03 --> Language Class Initialized
INFO - 2022-01-20 01:03:03 --> Loader Class Initialized
INFO - 2022-01-20 01:03:03 --> Helper loaded: url_helper
INFO - 2022-01-20 01:03:03 --> Helper loaded: util_helper
INFO - 2022-01-20 01:03:03 --> Database Driver Class Initialized
DEBUG - 2022-01-20 01:03:03 --> Session: "sess_save_path" is empty; using "session.save_path" value from php.ini.
INFO - 2022-01-20 01:03:03 --> Session: Class initialized using 'files' driver.
INFO - 2022-01-20 01:03:03 --> Controller Class Initialized
INFO - 2022-01-20 01:03:03 --> Model "Extra" initialized
INFO - 2022-01-20 01:03:03 --> Final output sent to browser
DEBUG - 2022-01-20 01:03:03 --> Total execution time: 0.0134
INFO - 2022-01-20 01:03:03 --> Config Class Initialized
INFO - 2022-01-20 01:03:03 --> Hooks Class Initialized
DEBUG - 2022-01-20 01:03:03 --> UTF-8 Support Enabled
INFO - 2022-01-20 01:03:03 --> Utf8 Class Initialized
INFO - 2022-01-20 01:03:03 --> URI Class Initialized
INFO - 2022-01-20 01:03:03 --> Router Class Initialized
INFO - 2022-01-20 01:03:03 --> Output Class Initialized
INFO - 2022-01-20 01:03:03 --> Security Class Initialized
DEBUG - 2022-01-20 01:03:03 --> Global POST, GET and COOKIE data sanitized
INFO - 2022-01-20 01:03:03 --> Input Class Initialized
INFO - 2022-01-20 01:03:03 --> Language Class Initialized
INFO - 2022-01-20 01:03:03 --> Loader Class Initialized
INFO - 2022-01-20 01:03:03 --> Helper loaded: url_helper
INFO - 2022-01-20 01:03:03 --> Helper loaded: util_helper
INFO - 2022-01-20 01:03:03 --> Database Driver Class Initialized
DEBUG - 2022-01-20 01:03:03 --> Session: "sess_save_path" is empty; using "session.save_path" value from php.ini.
INFO - 2022-01-20 01:03:03 --> Session: Class initialized using 'files' driver.
INFO - 2022-01-20 01:03:03 --> Controller Class Initialized
INFO - 2022-01-20 01:03:03 --> Model "Parameter" initialized
INFO - 2022-01-20 01:03:03 --> Final output sent to browser
DEBUG - 2022-01-20 01:03:03 --> Total execution time: 0.0125
INFO - 2022-01-20 01:03:03 --> Config Class Initialized
INFO - 2022-01-20 01:03:03 --> Hooks Class Initialized
DEBUG - 2022-01-20 01:03:03 --> UTF-8 Support Enabled
INFO - 2022-01-20 01:03:03 --> Utf8 Class Initialized
INFO - 2022-01-20 01:03:03 --> URI Class Initialized
INFO - 2022-01-20 01:03:03 --> Router Class Initialized
INFO - 2022-01-20 01:03:03 --> Output Class Initialized
INFO - 2022-01-20 01:03:03 --> Security Class Initialized
DEBUG - 2022-01-20 01:03:03 --> Global POST, GET and COOKIE data sanitized
INFO - 2022-01-20 01:03:03 --> Input Class Initialized
INFO - 2022-01-20 01:03:03 --> Language Class Initialized
INFO - 2022-01-20 01:03:03 --> Loader Class Initialized
INFO - 2022-01-20 01:03:03 --> Helper loaded: url_helper
INFO - 2022-01-20 01:03:03 --> Helper loaded: util_helper
INFO - 2022-01-20 01:03:03 --> Database Driver Class Initialized
DEBUG - 2022-01-20 01:03:03 --> Session: "sess_save_path" is empty; using "session.save_path" value from php.ini.
INFO - 2022-01-20 01:03:03 --> Session: Class initialized using 'files' driver.
INFO - 2022-01-20 01:03:03 --> Controller Class Initialized
INFO - 2022-01-20 01:03:03 --> Model "Parameter" initialized
INFO - 2022-01-20 01:03:03 --> Final output sent to browser
DEBUG - 2022-01-20 01:03:03 --> Total execution time: 0.0120
